{"/Users/jimmy/Projects/Ghost/frontend/components/QuestionCard.tsx": {"path":"/Users/jimmy/Projects/Ghost/frontend/components/QuestionCard.tsx","statementMap":{"0":{"start":{"line":22,"column":15},"end":{"line":22,"column":35}},"1":{"start":{"line":23,"column":14},"end":{"line":23,"column":24}},"2":{"start":{"line":24,"column":17},"end":{"line":24,"column":47}},"3":{"start":{"line":25,"column":18},"end":{"line":25,"column":44}},"4":{"start":{"line":26,"column":19},"end":{"line":26,"column":47}},"5":{"start":{"line":27,"column":18},"end":{"line":27,"column":47}},"6":{"start":{"line":29,"column":2},"end":{"line":29,"column":37}},"7":{"start":{"line":29,"column":19},"end":{"line":29,"column":37}},"8":{"start":{"line":30,"column":2},"end":{"line":30,"column":45}},"9":{"start":{"line":30,"column":20},"end":{"line":30,"column":45}},"10":{"start":{"line":31,"column":2},"end":{"line":31,"column":47}},"11":{"start":{"line":31,"column":21},"end":{"line":31,"column":47}},"12":{"start":{"line":32,"column":2},"end":{"line":32,"column":44}},"13":{"start":{"line":32,"column":19},"end":{"line":32,"column":44}},"14":{"start":{"line":34,"column":2},"end":{"line":37,"column":5}},"15":{"start":{"line":41,"column":16},"end":{"line":41,"column":44}},"16":{"start":{"line":42,"column":20},"end":{"line":42,"column":34}},"17":{"start":{"line":43,"column":19},"end":{"line":43,"column":66}},"18":{"start":{"line":44,"column":2},"end":{"line":44,"column":33}},"19":{"start":{"line":47,"column":50},"end":{"line":142,"column":1}},"20":{"start":{"line":55,"column":34},"end":{"line":55,"column":70}},"21":{"start":{"line":57,"column":2},"end":{"line":141,"column":4}},"22":{"start":{"line":144,"column":15},"end":{"line":244,"column":2}}},"fnMap":{"0":{"name":"formatTimestamp","decl":{"start":{"line":21,"column":9},"end":{"line":21,"column":24}},"loc":{"start":{"line":21,"column":53},"end":{"line":38,"column":1}},"line":21},"1":{"name":"parseAuthorName","decl":{"start":{"line":40,"column":9},"end":{"line":40,"column":24}},"loc":{"start":{"line":40,"column":86},"end":{"line":45,"column":1}},"line":40},"2":{"name":"(anonymous_2)","decl":{"start":{"line":47,"column":50},"end":{"line":47,"column":51}},"loc":{"start":{"line":54,"column":6},"end":{"line":142,"column":1}},"line":54}},"branchMap":{"0":{"loc":{"start":{"line":29,"column":2},"end":{"line":29,"column":37}},"type":"if","locations":[{"start":{"line":29,"column":2},"end":{"line":29,"column":37}},{"start":{},"end":{}}],"line":29},"1":{"loc":{"start":{"line":30,"column":2},"end":{"line":30,"column":45}},"type":"if","locations":[{"start":{"line":30,"column":2},"end":{"line":30,"column":45}},{"start":{},"end":{}}],"line":30},"2":{"loc":{"start":{"line":31,"column":2},"end":{"line":31,"column":47}},"type":"if","locations":[{"start":{"line":31,"column":2},"end":{"line":31,"column":47}},{"start":{},"end":{}}],"line":31},"3":{"loc":{"start":{"line":32,"column":2},"end":{"line":32,"column":44}},"type":"if","locations":[{"start":{"line":32,"column":2},"end":{"line":32,"column":44}},{"start":{},"end":{}}],"line":32},"4":{"loc":{"start":{"line":42,"column":20},"end":{"line":42,"column":34}},"type":"binary-expr","locations":[{"start":{"line":42,"column":20},"end":{"line":42,"column":28}},{"start":{"line":42,"column":32},"end":{"line":42,"column":34}}],"line":42},"5":{"loc":{"start":{"line":43,"column":19},"end":{"line":43,"column":66}},"type":"cond-expr","locations":[{"start":{"line":43,"column":38},"end":{"line":43,"column":61}},{"start":{"line":43,"column":64},"end":{"line":43,"column":66}}],"line":43},"6":{"loc":{"start":{"line":60,"column":7},"end":{"line":64,"column":7}},"type":"binary-expr","locations":[{"start":{"line":60,"column":7},"end":{"line":60,"column":24}},{"start":{"line":61,"column":8},"end":{"line":63,"column":15}}],"line":60},"7":{"loc":{"start":{"line":69,"column":11},"end":{"line":69,"column":99}},"type":"binary-expr","locations":[{"start":{"line":69,"column":11},"end":{"line":69,"column":29}},{"start":{"line":69,"column":33},"end":{"line":69,"column":99}}],"line":69},"8":{"loc":{"start":{"line":72,"column":9},"end":{"line":72,"column":68}},"type":"binary-expr","locations":[{"start":{"line":72,"column":9},"end":{"line":72,"column":26}},{"start":{"line":72,"column":30},"end":{"line":72,"column":68}}],"line":72},"9":{"loc":{"start":{"line":82,"column":9},"end":{"line":82,"column":55}},"type":"cond-expr","locations":[{"start":{"line":82,"column":29},"end":{"line":82,"column":39}},{"start":{"line":82,"column":42},"end":{"line":82,"column":55}}],"line":82},"10":{"loc":{"start":{"line":113,"column":11},"end":{"line":122,"column":11}},"type":"binary-expr","locations":[{"start":{"line":113,"column":11},"end":{"line":113,"column":21}},{"start":{"line":114,"column":12},"end":{"line":121,"column":31}}],"line":113},"11":{"loc":{"start":{"line":118,"column":34},"end":{"line":118,"column":92}},"type":"cond-expr","locations":[{"start":{"line":118,"column":58},"end":{"line":118,"column":75}},{"start":{"line":118,"column":78},"end":{"line":118,"column":92}}],"line":118},"12":{"loc":{"start":{"line":120,"column":49},"end":{"line":120,"column":85}},"type":"cond-expr","locations":[{"start":{"line":120,"column":73},"end":{"line":120,"column":77}},{"start":{"line":120,"column":80},"end":{"line":120,"column":85}}],"line":120},"13":{"loc":{"start":{"line":125,"column":11},"end":{"line":134,"column":11}},"type":"binary-expr","locations":[{"start":{"line":125,"column":11},"end":{"line":125,"column":19}},{"start":{"line":126,"column":12},"end":{"line":133,"column":31}}],"line":125}},"s":{"0":1,"1":1,"2":1,"3":1,"4":1,"5":1,"6":1,"7":1,"8":0,"9":0,"10":0,"11":0,"12":0,"13":0,"14":0,"15":1,"16":1,"17":1,"18":1,"19":1,"20":1,"21":1,"22":1},"f":{"0":1,"1":1,"2":1},"b":{"0":[1,0],"1":[0,0],"2":[0,0],"3":[0,0],"4":[1,0],"5":[1,0],"6":[1,0],"7":[1,1],"8":[1,0],"9":[0,1],"10":[1,1],"11":[0,1],"12":[0,1],"13":[1,1]},"_coverageSchema":"1a1c01bbd47fc00a2c39e90264f33305004495a9","hash":"fb263aa681756a17da2c2358862b7e5ef0dd69c2"}
,"/Users/jimmy/Projects/Ghost/frontend/components/ui/GlassButton.tsx": {"path":"/Users/jimmy/Projects/Ghost/frontend/components/ui/GlassButton.tsx","statementMap":{"0":{"start":{"line":27,"column":48},"end":{"line":64,"column":1}},"1":{"start":{"line":36,"column":25},"end":{"line":36,"column":51}},"2":{"start":{"line":37,"column":23},"end":{"line":37,"column":47}},"3":{"start":{"line":38,"column":20},"end":{"line":38,"column":41}},"4":{"start":{"line":39,"column":25},"end":{"line":39,"column":51}},"5":{"start":{"line":41,"column":2},"end":{"line":63,"column":4}},"6":{"start":{"line":67,"column":2},"end":{"line":76,"column":3}},"7":{"start":{"line":69,"column":6},"end":{"line":69,"column":37}},"8":{"start":{"line":71,"column":6},"end":{"line":71,"column":39}},"9":{"start":{"line":73,"column":6},"end":{"line":73,"column":36}},"10":{"start":{"line":75,"column":6},"end":{"line":75,"column":35}},"11":{"start":{"line":80,"column":2},"end":{"line":89,"column":3}},"12":{"start":{"line":82,"column":6},"end":{"line":82,"column":35}},"13":{"start":{"line":84,"column":6},"end":{"line":84,"column":37}},"14":{"start":{"line":86,"column":6},"end":{"line":86,"column":34}},"15":{"start":{"line":88,"column":6},"end":{"line":88,"column":33}},"16":{"start":{"line":93,"column":2},"end":{"line":102,"column":3}},"17":{"start":{"line":95,"column":6},"end":{"line":95,"column":32}},"18":{"start":{"line":97,"column":6},"end":{"line":97,"column":34}},"19":{"start":{"line":99,"column":6},"end":{"line":99,"column":31}},"20":{"start":{"line":101,"column":6},"end":{"line":101,"column":30}},"21":{"start":{"line":106,"column":2},"end":{"line":112,"column":3}},"22":{"start":{"line":109,"column":6},"end":{"line":109,"column":28}},"23":{"start":{"line":111,"column":6},"end":{"line":111,"column":25}},"24":{"start":{"line":115,"column":15},"end":{"line":188,"column":2}}},"fnMap":{"0":{"name":"(anonymous_0)","decl":{"start":{"line":27,"column":48},"end":{"line":27,"column":49}},"loc":{"start":{"line":35,"column":6},"end":{"line":64,"column":1}},"line":35},"1":{"name":"getContainerStyle","decl":{"start":{"line":66,"column":9},"end":{"line":66,"column":26}},"loc":{"start":{"line":66,"column":62},"end":{"line":77,"column":1}},"line":66},"2":{"name":"getOverlayStyle","decl":{"start":{"line":79,"column":9},"end":{"line":79,"column":24}},"loc":{"start":{"line":79,"column":60},"end":{"line":90,"column":1}},"line":79},"3":{"name":"getTextStyle","decl":{"start":{"line":92,"column":9},"end":{"line":92,"column":21}},"loc":{"start":{"line":92,"column":57},"end":{"line":103,"column":1}},"line":92},"4":{"name":"getIndicatorColor","decl":{"start":{"line":105,"column":9},"end":{"line":105,"column":26}},"loc":{"start":{"line":105,"column":59},"end":{"line":113,"column":1}},"line":105}},"branchMap":{"0":{"loc":{"start":{"line":30,"column":2},"end":{"line":30,"column":21}},"type":"default-arg","locations":[{"start":{"line":30,"column":12},"end":{"line":30,"column":21}}],"line":30},"1":{"loc":{"start":{"line":31,"column":2},"end":{"line":31,"column":18}},"type":"default-arg","locations":[{"start":{"line":31,"column":13},"end":{"line":31,"column":18}}],"line":31},"2":{"loc":{"start":{"line":32,"column":2},"end":{"line":32,"column":17}},"type":"default-arg","locations":[{"start":{"line":32,"column":12},"end":{"line":32,"column":17}}],"line":32},"3":{"loc":{"start":{"line":43,"column":43},"end":{"line":43,"column":70}},"type":"binary-expr","locations":[{"start":{"line":43,"column":43},"end":{"line":43,"column":51}},{"start":{"line":43,"column":55},"end":{"line":43,"column":70}}],"line":43},"4":{"loc":{"start":{"line":45,"column":16},"end":{"line":45,"column":35}},"type":"binary-expr","locations":[{"start":{"line":45,"column":16},"end":{"line":45,"column":24}},{"start":{"line":45,"column":28},"end":{"line":45,"column":35}}],"line":45},"5":{"loc":{"start":{"line":48,"column":26},"end":{"line":48,"column":53}},"type":"binary-expr","locations":[{"start":{"line":48,"column":26},"end":{"line":48,"column":44}},{"start":{"line":48,"column":48},"end":{"line":48,"column":53}}],"line":48},"6":{"loc":{"start":{"line":52,"column":11},"end":{"line":59,"column":11}},"type":"cond-expr","locations":[{"start":{"line":53,"column":12},"end":{"line":53,"column":69}},{"start":{"line":55,"column":12},"end":{"line":58,"column":19}}],"line":52},"7":{"loc":{"start":{"line":56,"column":15},"end":{"line":56,"column":71}},"type":"binary-expr","locations":[{"start":{"line":56,"column":15},"end":{"line":56,"column":19}},{"start":{"line":56,"column":23},"end":{"line":56,"column":71}}],"line":56},"8":{"loc":{"start":{"line":67,"column":2},"end":{"line":76,"column":3}},"type":"switch","locations":[{"start":{"line":68,"column":4},"end":{"line":69,"column":37}},{"start":{"line":70,"column":4},"end":{"line":71,"column":39}},{"start":{"line":72,"column":4},"end":{"line":73,"column":36}},{"start":{"line":74,"column":4},"end":{"line":75,"column":35}}],"line":67},"9":{"loc":{"start":{"line":80,"column":2},"end":{"line":89,"column":3}},"type":"switch","locations":[{"start":{"line":81,"column":4},"end":{"line":82,"column":35}},{"start":{"line":83,"column":4},"end":{"line":84,"column":37}},{"start":{"line":85,"column":4},"end":{"line":86,"column":34}},{"start":{"line":87,"column":4},"end":{"line":88,"column":33}}],"line":80},"10":{"loc":{"start":{"line":93,"column":2},"end":{"line":102,"column":3}},"type":"switch","locations":[{"start":{"line":94,"column":4},"end":{"line":95,"column":32}},{"start":{"line":96,"column":4},"end":{"line":97,"column":34}},{"start":{"line":98,"column":4},"end":{"line":99,"column":31}},{"start":{"line":100,"column":4},"end":{"line":101,"column":30}}],"line":93},"11":{"loc":{"start":{"line":106,"column":2},"end":{"line":112,"column":3}},"type":"switch","locations":[{"start":{"line":107,"column":4},"end":{"line":107,"column":21}},{"start":{"line":108,"column":4},"end":{"line":109,"column":28}},{"start":{"line":110,"column":4},"end":{"line":111,"column":25}}],"line":106}},"s":{"0":1,"1":2,"2":2,"3":2,"4":2,"5":2,"6":2,"7":2,"8":0,"9":0,"10":0,"11":2,"12":2,"13":0,"14":0,"15":0,"16":2,"17":2,"18":0,"19":0,"20":0,"21":2,"22":0,"23":2,"24":1},"f":{"0":2,"1":2,"2":2,"3":2,"4":2},"b":{"0":[2],"1":[1],"2":[2],"3":[2,1],"4":[2,1],"5":[2,2],"6":[0,2],"7":[2,0],"8":[2,0,0,0],"9":[2,0,0,0],"10":[2,0,0,0],"11":[0,0,2]},"_coverageSchema":"1a1c01bbd47fc00a2c39e90264f33305004495a9","hash":"abf2d92380ff74b80f8ec82c1279d0779c27efc2"}
,"/Users/jimmy/Projects/Ghost/frontend/components/ui/GlassCard.tsx": {"path":"/Users/jimmy/Projects/Ghost/frontend/components/ui/GlassCard.tsx","statementMap":{"0":{"start":{"line":13,"column":44},"end":{"line":42,"column":1}},"1":{"start":{"line":21,"column":4},"end":{"line":25,"column":11}},"2":{"start":{"line":28,"column":2},"end":{"line":39,"column":3}},"3":{"start":{"line":29,"column":4},"end":{"line":38,"column":6}},"4":{"start":{"line":41,"column":2},"end":{"line":41,"column":17}},"5":{"start":{"line":44,"column":15},"end":{"line":58,"column":2}}},"fnMap":{"0":{"name":"(anonymous_0)","decl":{"start":{"line":13,"column":44},"end":{"line":13,"column":45}},"loc":{"start":{"line":19,"column":6},"end":{"line":42,"column":1}},"line":19}},"branchMap":{"0":{"loc":{"start":{"line":16,"column":2},"end":{"line":16,"column":20}},"type":"default-arg","locations":[{"start":{"line":16,"column":18},"end":{"line":16,"column":20}}],"line":16},"1":{"loc":{"start":{"line":28,"column":2},"end":{"line":39,"column":3}},"type":"if","locations":[{"start":{"line":28,"column":2},"end":{"line":39,"column":3}},{"start":{},"end":{}}],"line":28}},"s":{"0":2,"1":3,"2":3,"3":2,"4":1,"5":2},"f":{"0":3},"b":{"0":[3],"1":[2,1]},"_coverageSchema":"1a1c01bbd47fc00a2c39e90264f33305004495a9","hash":"47d60216a7cfd77c6c5b8e5dfff7826600931bc7"}
,"/Users/jimmy/Projects/Ghost/frontend/components/ui/GlassInput.tsx": {"path":"/Users/jimmy/Projects/Ghost/frontend/components/ui/GlassInput.tsx","statementMap":{"0":{"start":{"line":33,"column":46},"end":{"line":96,"column":1}},"1":{"start":{"line":51,"column":36},"end":{"line":51,"column":51}},"2":{"start":{"line":53,"column":22},"end":{"line":53,"column":76}},"3":{"start":{"line":55,"column":2},"end":{"line":95,"column":4}},"4":{"start":{"line":88,"column":25},"end":{"line":88,"column":43}},"5":{"start":{"line":89,"column":24},"end":{"line":89,"column":43}},"6":{"start":{"line":98,"column":15},"end":{"line":150,"column":2}}},"fnMap":{"0":{"name":"(anonymous_0)","decl":{"start":{"line":33,"column":46},"end":{"line":33,"column":47}},"loc":{"start":{"line":50,"column":6},"end":{"line":96,"column":1}},"line":50},"1":{"name":"(anonymous_1)","decl":{"start":{"line":88,"column":19},"end":{"line":88,"column":20}},"loc":{"start":{"line":88,"column":25},"end":{"line":88,"column":43}},"line":88},"2":{"name":"(anonymous_2)","decl":{"start":{"line":89,"column":18},"end":{"line":89,"column":19}},"loc":{"start":{"line":89,"column":24},"end":{"line":89,"column":43}},"line":89}},"branchMap":{"0":{"loc":{"start":{"line":38,"column":2},"end":{"line":38,"column":19}},"type":"default-arg","locations":[{"start":{"line":38,"column":14},"end":{"line":38,"column":19}}],"line":38},"1":{"loc":{"start":{"line":39,"column":2},"end":{"line":39,"column":19}},"type":"default-arg","locations":[{"start":{"line":39,"column":18},"end":{"line":39,"column":19}}],"line":39},"2":{"loc":{"start":{"line":43,"column":2},"end":{"line":43,"column":25}},"type":"default-arg","locations":[{"start":{"line":43,"column":19},"end":{"line":43,"column":25}}],"line":43},"3":{"loc":{"start":{"line":48,"column":2},"end":{"line":48,"column":17}},"type":"default-arg","locations":[{"start":{"line":48,"column":13},"end":{"line":48,"column":17}}],"line":48},"4":{"loc":{"start":{"line":53,"column":22},"end":{"line":53,"column":76}},"type":"cond-expr","locations":[{"start":{"line":53,"column":34},"end":{"line":53,"column":71}},{"start":{"line":53,"column":74},"end":{"line":53,"column":76}}],"line":53},"5":{"loc":{"start":{"line":57,"column":7},"end":{"line":57,"column":57}},"type":"binary-expr","locations":[{"start":{"line":57,"column":7},"end":{"line":57,"column":12}},{"start":{"line":57,"column":16},"end":{"line":57,"column":57}}],"line":57},"6":{"loc":{"start":{"line":62,"column":10},"end":{"line":62,"column":46}},"type":"binary-expr","locations":[{"start":{"line":62,"column":10},"end":{"line":62,"column":19}},{"start":{"line":62,"column":23},"end":{"line":62,"column":46}}],"line":62},"7":{"loc":{"start":{"line":63,"column":10},"end":{"line":63,"column":46}},"type":"cond-expr","locations":[{"start":{"line":63,"column":18},"end":{"line":63,"column":39}},{"start":{"line":63,"column":42},"end":{"line":63,"column":46}}],"line":63},"8":{"loc":{"start":{"line":64,"column":10},"end":{"line":64,"column":47}},"type":"binary-expr","locations":[{"start":{"line":64,"column":10},"end":{"line":64,"column":19}},{"start":{"line":64,"column":23},"end":{"line":64,"column":47}}],"line":64},"9":{"loc":{"start":{"line":67,"column":9},"end":{"line":67,"column":65}},"type":"binary-expr","locations":[{"start":{"line":67,"column":9},"end":{"line":67,"column":13}},{"start":{"line":67,"column":17},"end":{"line":67,"column":65}}],"line":67},"10":{"loc":{"start":{"line":71,"column":12},"end":{"line":71,"column":46}},"type":"binary-expr","locations":[{"start":{"line":71,"column":12},"end":{"line":71,"column":21}},{"start":{"line":71,"column":25},"end":{"line":71,"column":46}}],"line":71},"11":{"loc":{"start":{"line":72,"column":12},"end":{"line":72,"column":46}},"type":"cond-expr","locations":[{"start":{"line":72,"column":19},"end":{"line":72,"column":39}},{"start":{"line":72,"column":42},"end":{"line":72,"column":46}}],"line":72},"12":{"loc":{"start":{"line":80,"column":25},"end":{"line":80,"column":62}},"type":"cond-expr","locations":[{"start":{"line":80,"column":37},"end":{"line":80,"column":50}},{"start":{"line":80,"column":53},"end":{"line":80,"column":62}}],"line":80},"13":{"loc":{"start":{"line":81,"column":29},"end":{"line":81,"column":57}},"type":"cond-expr","locations":[{"start":{"line":81,"column":41},"end":{"line":81,"column":46}},{"start":{"line":81,"column":49},"end":{"line":81,"column":57}}],"line":81},"14":{"loc":{"start":{"line":93,"column":7},"end":{"line":93,"column":61}},"type":"binary-expr","locations":[{"start":{"line":93,"column":7},"end":{"line":93,"column":12}},{"start":{"line":93,"column":16},"end":{"line":93,"column":61}}],"line":93}},"s":{"0":1,"1":2,"2":2,"3":2,"4":0,"5":0,"6":1},"f":{"0":2,"1":0,"2":0},"b":{"0":[2],"1":[2],"2":[2],"3":[2],"4":[0,2],"5":[2,1],"6":[2,0],"7":[1,1],"8":[2,0],"9":[2,0],"10":[2,0],"11":[0,2],"12":[0,2],"13":[0,2],"14":[2,1]},"_coverageSchema":"1a1c01bbd47fc00a2c39e90264f33305004495a9","hash":"a81bd80224d2123a7760e20ee0865e7752e8ba60"}
,"/Users/jimmy/Projects/Ghost/frontend/components/ui/GlassModal.tsx": {"path":"/Users/jimmy/Projects/Ghost/frontend/components/ui/GlassModal.tsx","statementMap":{"0":{"start":{"line":24,"column":34},"end":{"line":24,"column":58}},"1":{"start":{"line":26,"column":46},"end":{"line":84,"column":1}},"2":{"start":{"line":27,"column":2},"end":{"line":83,"column":4}},"3":{"start":{"line":86,"column":15},"end":{"line":150,"column":2}}},"fnMap":{"0":{"name":"(anonymous_0)","decl":{"start":{"line":26,"column":46},"end":{"line":26,"column":47}},"loc":{"start":{"line":26,"column":89},"end":{"line":84,"column":1}},"line":26}},"branchMap":{"0":{"loc":{"start":{"line":36,"column":18},"end":{"line":36,"column":62}},"type":"cond-expr","locations":[{"start":{"line":36,"column":42},"end":{"line":36,"column":51}},{"start":{"line":36,"column":54},"end":{"line":36,"column":62}}],"line":36}},"s":{"0":1,"1":1,"2":2,"3":1},"f":{"0":2},"b":{"0":[2,0]},"_coverageSchema":"1a1c01bbd47fc00a2c39e90264f33305004495a9","hash":"d8e2a67d7dfd257fb22ae3d9324207b6147c6d79"}
,"/Users/jimmy/Projects/Ghost/frontend/stores/notificationStore.ts": {"path":"/Users/jimmy/Projects/Ghost/frontend/stores/notificationStore.ts","statementMap":{"0":{"start":{"line":25,"column":40},"end":{"line":29,"column":1}},"1":{"start":{"line":31,"column":36},"end":{"line":92,"column":3}},"2":{"start":{"line":31,"column":74},"end":{"line":92,"column":1}},"3":{"start":{"line":35,"column":4},"end":{"line":35,"column":32}},"4":{"start":{"line":39,"column":4},"end":{"line":39,"column":61}},"5":{"start":{"line":39,"column":20},"end":{"line":39,"column":58}},"6":{"start":{"line":43,"column":4},"end":{"line":45,"column":8}},"7":{"start":{"line":43,"column":20},"end":{"line":45,"column":5}},"8":{"start":{"line":49,"column":4},"end":{"line":49,"column":45}},"9":{"start":{"line":53,"column":4},"end":{"line":56,"column":8}},"10":{"start":{"line":53,"column":20},"end":{"line":56,"column":5}},"11":{"start":{"line":60,"column":4},"end":{"line":63,"column":8}},"12":{"start":{"line":60,"column":20},"end":{"line":63,"column":5}},"13":{"start":{"line":67,"column":4},"end":{"line":75,"column":7}},"14":{"start":{"line":68,"column":27},"end":{"line":68,"column":71}},"15":{"start":{"line":68,"column":59},"end":{"line":68,"column":70}},"16":{"start":{"line":69,"column":24},"end":{"line":69,"column":60}},"17":{"start":{"line":71,"column":6},"end":{"line":74,"column":8}},"18":{"start":{"line":72,"column":55},"end":{"line":72,"column":95}},"19":{"start":{"line":79,"column":4},"end":{"line":82,"column":8}},"20":{"start":{"line":79,"column":20},"end":{"line":82,"column":5}},"21":{"start":{"line":80,"column":53},"end":{"line":80,"column":75}},"22":{"start":{"line":86,"column":4},"end":{"line":86,"column":23}},"23":{"start":{"line":90,"column":4},"end":{"line":90,"column":22}}},"fnMap":{"0":{"name":"(anonymous_0)","decl":{"start":{"line":31,"column":64},"end":{"line":31,"column":65}},"loc":{"start":{"line":31,"column":74},"end":{"line":92,"column":1}},"line":31},"1":{"name":"(anonymous_1)","decl":{"start":{"line":34,"column":18},"end":{"line":34,"column":19}},"loc":{"start":{"line":34,"column":37},"end":{"line":36,"column":3}},"line":34},"2":{"name":"(anonymous_2)","decl":{"start":{"line":38,"column":24},"end":{"line":38,"column":25}},"loc":{"start":{"line":38,"column":30},"end":{"line":40,"column":3}},"line":38},"3":{"name":"(anonymous_3)","decl":{"start":{"line":39,"column":8},"end":{"line":39,"column":9}},"loc":{"start":{"line":39,"column":20},"end":{"line":39,"column":58}},"line":39},"4":{"name":"(anonymous_4)","decl":{"start":{"line":42,"column":24},"end":{"line":42,"column":25}},"loc":{"start":{"line":42,"column":30},"end":{"line":46,"column":3}},"line":42},"5":{"name":"(anonymous_5)","decl":{"start":{"line":43,"column":8},"end":{"line":43,"column":9}},"loc":{"start":{"line":43,"column":20},"end":{"line":45,"column":5}},"line":43},"6":{"name":"(anonymous_6)","decl":{"start":{"line":48,"column":20},"end":{"line":48,"column":21}},"loc":{"start":{"line":48,"column":63},"end":{"line":50,"column":3}},"line":48},"7":{"name":"(anonymous_7)","decl":{"start":{"line":52,"column":19},"end":{"line":52,"column":20}},"loc":{"start":{"line":52,"column":59},"end":{"line":57,"column":3}},"line":52},"8":{"name":"(anonymous_8)","decl":{"start":{"line":53,"column":8},"end":{"line":53,"column":9}},"loc":{"start":{"line":53,"column":20},"end":{"line":56,"column":5}},"line":53},"9":{"name":"(anonymous_9)","decl":{"start":{"line":59,"column":23},"end":{"line":59,"column":24}},"loc":{"start":{"line":59,"column":66},"end":{"line":64,"column":3}},"line":59},"10":{"name":"(anonymous_10)","decl":{"start":{"line":60,"column":8},"end":{"line":60,"column":9}},"loc":{"start":{"line":60,"column":20},"end":{"line":63,"column":5}},"line":60},"11":{"name":"(anonymous_11)","decl":{"start":{"line":66,"column":14},"end":{"line":66,"column":15}},"loc":{"start":{"line":66,"column":30},"end":{"line":76,"column":3}},"line":66},"12":{"name":"(anonymous_12)","decl":{"start":{"line":67,"column":8},"end":{"line":67,"column":9}},"loc":{"start":{"line":67,"column":19},"end":{"line":75,"column":5}},"line":67},"13":{"name":"(anonymous_13)","decl":{"start":{"line":68,"column":52},"end":{"line":68,"column":53}},"loc":{"start":{"line":68,"column":59},"end":{"line":68,"column":70}},"line":68},"14":{"name":"(anonymous_14)","decl":{"start":{"line":72,"column":47},"end":{"line":72,"column":48}},"loc":{"start":{"line":72,"column":55},"end":{"line":72,"column":95}},"line":72},"15":{"name":"(anonymous_15)","decl":{"start":{"line":78,"column":17},"end":{"line":78,"column":18}},"loc":{"start":{"line":78,"column":23},"end":{"line":83,"column":3}},"line":78},"16":{"name":"(anonymous_16)","decl":{"start":{"line":79,"column":8},"end":{"line":79,"column":9}},"loc":{"start":{"line":79,"column":20},"end":{"line":82,"column":5}},"line":79},"17":{"name":"(anonymous_17)","decl":{"start":{"line":80,"column":45},"end":{"line":80,"column":46}},"loc":{"start":{"line":80,"column":53},"end":{"line":80,"column":75}},"line":80},"18":{"name":"(anonymous_18)","decl":{"start":{"line":85,"column":14},"end":{"line":85,"column":15}},"loc":{"start":{"line":85,"column":38},"end":{"line":87,"column":3}},"line":85},"19":{"name":"(anonymous_19)","decl":{"start":{"line":89,"column":9},"end":{"line":89,"column":10}},"loc":{"start":{"line":89,"column":15},"end":{"line":91,"column":3}},"line":89}},"branchMap":{"0":{"loc":{"start":{"line":55,"column":19},"end":{"line":55,"column":82}},"type":"cond-expr","locations":[{"start":{"line":55,"column":41},"end":{"line":55,"column":58}},{"start":{"line":55,"column":61},"end":{"line":55,"column":82}}],"line":55},"1":{"loc":{"start":{"line":69,"column":24},"end":{"line":69,"column":60}},"type":"binary-expr","locations":[{"start":{"line":69,"column":24},"end":{"line":69,"column":36}},{"start":{"line":69,"column":40},"end":{"line":69,"column":60}}],"line":69},"2":{"loc":{"start":{"line":72,"column":55},"end":{"line":72,"column":95}},"type":"cond-expr","locations":[{"start":{"line":72,"column":69},"end":{"line":72,"column":91}},{"start":{"line":72,"column":94},"end":{"line":72,"column":95}}],"line":72},"3":{"loc":{"start":{"line":73,"column":21},"end":{"line":73,"column":87}},"type":"cond-expr","locations":[{"start":{"line":73,"column":33},"end":{"line":73,"column":67}},{"start":{"line":73,"column":70},"end":{"line":73,"column":87}}],"line":73}},"s":{"0":1,"1":1,"2":1,"3":1,"4":0,"5":0,"6":0,"7":0,"8":1,"9":2,"10":2,"11":0,"12":0,"13":1,"14":1,"15":1,"16":1,"17":1,"18":2,"19":1,"20":1,"21":2,"22":0,"23":2},"f":{"0":1,"1":1,"2":0,"3":0,"4":0,"5":0,"6":1,"7":2,"8":2,"9":0,"10":0,"11":1,"12":1,"13":1,"14":2,"15":1,"16":1,"17":2,"18":0,"19":2},"b":{"0":[1,1],"1":[1,1],"2":[1,1],"3":[1,0]},"_coverageSchema":"1a1c01bbd47fc00a2c39e90264f33305004495a9","hash":"166f047e156f22d9d855bb84e3b44e49f86957ac"}
,"/Users/jimmy/Projects/Ghost/frontend/stores/whiteboardStore.ts": {"path":"/Users/jimmy/Projects/Ghost/frontend/stores/whiteboardStore.ts","statementMap":{"0":{"start":{"line":22,"column":38},"end":{"line":26,"column":1}},"1":{"start":{"line":28,"column":34},"end":{"line":67,"column":3}},"2":{"start":{"line":28,"column":70},"end":{"line":67,"column":1}},"3":{"start":{"line":32,"column":4},"end":{"line":32,"column":43}},"4":{"start":{"line":36,"column":4},"end":{"line":36,"column":43}},"5":{"start":{"line":40,"column":4},"end":{"line":42,"column":8}},"6":{"start":{"line":40,"column":20},"end":{"line":42,"column":5}},"7":{"start":{"line":46,"column":4},"end":{"line":49,"column":8}},"8":{"start":{"line":46,"column":20},"end":{"line":49,"column":5}},"9":{"start":{"line":47,"column":52},"end":{"line":47,"column":64}},"10":{"start":{"line":53,"column":4},"end":{"line":57,"column":8}},"11":{"start":{"line":53,"column":20},"end":{"line":57,"column":5}},"12":{"start":{"line":54,"column":50},"end":{"line":54,"column":91}},"13":{"start":{"line":61,"column":4},"end":{"line":61,"column":23}},"14":{"start":{"line":65,"column":4},"end":{"line":65,"column":22}}},"fnMap":{"0":{"name":"(anonymous_0)","decl":{"start":{"line":28,"column":60},"end":{"line":28,"column":61}},"loc":{"start":{"line":28,"column":70},"end":{"line":67,"column":1}},"line":28},"1":{"name":"(anonymous_1)","decl":{"start":{"line":31,"column":18},"end":{"line":31,"column":19}},"loc":{"start":{"line":31,"column":57},"end":{"line":33,"column":3}},"line":31},"2":{"name":"(anonymous_2)","decl":{"start":{"line":35,"column":24},"end":{"line":35,"column":25}},"loc":{"start":{"line":35,"column":67},"end":{"line":37,"column":3}},"line":35},"3":{"name":"(anonymous_3)","decl":{"start":{"line":39,"column":17},"end":{"line":39,"column":18}},"loc":{"start":{"line":39,"column":53},"end":{"line":43,"column":3}},"line":39},"4":{"name":"(anonymous_4)","decl":{"start":{"line":40,"column":8},"end":{"line":40,"column":9}},"loc":{"start":{"line":40,"column":20},"end":{"line":42,"column":5}},"line":40},"5":{"name":"(anonymous_5)","decl":{"start":{"line":45,"column":20},"end":{"line":45,"column":21}},"loc":{"start":{"line":45,"column":36},"end":{"line":50,"column":3}},"line":45},"6":{"name":"(anonymous_6)","decl":{"start":{"line":46,"column":8},"end":{"line":46,"column":9}},"loc":{"start":{"line":46,"column":20},"end":{"line":49,"column":5}},"line":46},"7":{"name":"(anonymous_7)","decl":{"start":{"line":47,"column":44},"end":{"line":47,"column":45}},"loc":{"start":{"line":47,"column":52},"end":{"line":47,"column":64}},"line":47},"8":{"name":"(anonymous_8)","decl":{"start":{"line":52,"column":20},"end":{"line":52,"column":21}},"loc":{"start":{"line":52,"column":56},"end":{"line":58,"column":3}},"line":52},"9":{"name":"(anonymous_9)","decl":{"start":{"line":53,"column":8},"end":{"line":53,"column":9}},"loc":{"start":{"line":53,"column":20},"end":{"line":57,"column":5}},"line":53},"10":{"name":"(anonymous_10)","decl":{"start":{"line":54,"column":41},"end":{"line":54,"column":42}},"loc":{"start":{"line":54,"column":50},"end":{"line":54,"column":91}},"line":54},"11":{"name":"(anonymous_11)","decl":{"start":{"line":60,"column":14},"end":{"line":60,"column":15}},"loc":{"start":{"line":60,"column":38},"end":{"line":62,"column":3}},"line":60},"12":{"name":"(anonymous_12)","decl":{"start":{"line":64,"column":9},"end":{"line":64,"column":10}},"loc":{"start":{"line":64,"column":15},"end":{"line":66,"column":3}},"line":64}},"branchMap":{"0":{"loc":{"start":{"line":48,"column":25},"end":{"line":48,"column":92}},"type":"cond-expr","locations":[{"start":{"line":48,"column":62},"end":{"line":48,"column":66}},{"start":{"line":48,"column":69},"end":{"line":48,"column":92}}],"line":48},"1":{"loc":{"start":{"line":54,"column":50},"end":{"line":54,"column":91}},"type":"cond-expr","locations":[{"start":{"line":54,"column":76},"end":{"line":54,"column":86}},{"start":{"line":54,"column":89},"end":{"line":54,"column":91}}],"line":54},"2":{"loc":{"start":{"line":56,"column":8},"end":{"line":56,"column":92}},"type":"cond-expr","locations":[{"start":{"line":56,"column":56},"end":{"line":56,"column":66}},{"start":{"line":56,"column":69},"end":{"line":56,"column":92}}],"line":56}},"s":{"0":1,"1":1,"2":1,"3":1,"4":1,"5":1,"6":1,"7":1,"8":1,"9":1,"10":1,"11":1,"12":1,"13":1,"14":2},"f":{"0":1,"1":1,"2":1,"3":1,"4":1,"5":1,"6":1,"7":1,"8":1,"9":1,"10":1,"11":1,"12":2},"b":{"0":[1,0],"1":[1,0],"2":[1,0]},"_coverageSchema":"1a1c01bbd47fc00a2c39e90264f33305004495a9","hash":"4c2f52491df7eeeece882de2090afea6cde0673a"}
,"/Users/jimmy/Projects/Ghost/frontend/utils/formatDate.ts": {"path":"/Users/jimmy/Projects/Ghost/frontend/utils/formatDate.ts","statementMap":{"0":{"start":{"line":13,"column":2},"end":{"line":15,"column":3}},"1":{"start":{"line":14,"column":4},"end":{"line":14,"column":22}},"2":{"start":{"line":17,"column":14},"end":{"line":17,"column":24}},"3":{"start":{"line":18,"column":17},"end":{"line":18,"column":31}},"4":{"start":{"line":19,"column":2},"end":{"line":21,"column":3}},"5":{"start":{"line":20,"column":4},"end":{"line":20,"column":22}},"6":{"start":{"line":22,"column":17},"end":{"line":22,"column":49}},"7":{"start":{"line":24,"column":2},"end":{"line":26,"column":3}},"8":{"start":{"line":25,"column":4},"end":{"line":25,"column":22}},"9":{"start":{"line":28,"column":22},"end":{"line":28,"column":47}},"10":{"start":{"line":29,"column":22},"end":{"line":29,"column":50}},"11":{"start":{"line":30,"column":20},"end":{"line":30,"column":48}},"12":{"start":{"line":31,"column":19},"end":{"line":31,"column":45}},"13":{"start":{"line":33,"column":2},"end":{"line":35,"column":3}},"14":{"start":{"line":34,"column":4},"end":{"line":34,"column":22}},"15":{"start":{"line":37,"column":2},"end":{"line":39,"column":3}},"16":{"start":{"line":38,"column":4},"end":{"line":38,"column":33}},"17":{"start":{"line":41,"column":2},"end":{"line":43,"column":3}},"18":{"start":{"line":42,"column":4},"end":{"line":42,"column":31}},"19":{"start":{"line":45,"column":2},"end":{"line":47,"column":3}},"20":{"start":{"line":46,"column":4},"end":{"line":46,"column":30}},"21":{"start":{"line":49,"column":17},"end":{"line":62,"column":3}},"22":{"start":{"line":64,"column":16},"end":{"line":64,"column":41}},"23":{"start":{"line":65,"column":14},"end":{"line":65,"column":30}},"24":{"start":{"line":67,"column":2},"end":{"line":69,"column":3}},"25":{"start":{"line":68,"column":4},"end":{"line":68,"column":29}},"26":{"start":{"line":71,"column":2},"end":{"line":71,"column":52}},"27":{"start":{"line":80,"column":2},"end":{"line":82,"column":3}},"28":{"start":{"line":81,"column":4},"end":{"line":81,"column":26}},"29":{"start":{"line":84,"column":17},"end":{"line":84,"column":31}},"30":{"start":{"line":85,"column":2},"end":{"line":87,"column":3}},"31":{"start":{"line":86,"column":4},"end":{"line":86,"column":26}},"32":{"start":{"line":89,"column":17},"end":{"line":102,"column":3}},"33":{"start":{"line":104,"column":16},"end":{"line":104,"column":41}},"34":{"start":{"line":105,"column":14},"end":{"line":105,"column":30}},"35":{"start":{"line":106,"column":15},"end":{"line":106,"column":35}},"36":{"start":{"line":108,"column":14},"end":{"line":108,"column":31}},"37":{"start":{"line":109,"column":18},"end":{"line":109,"column":37}},"38":{"start":{"line":110,"column":15},"end":{"line":110,"column":40}},"39":{"start":{"line":112,"column":2},"end":{"line":112,"column":21}},"40":{"start":{"line":113,"column":2},"end":{"line":115,"column":3}},"41":{"start":{"line":114,"column":4},"end":{"line":114,"column":15}},"42":{"start":{"line":117,"column":20},"end":{"line":117,"column":63}},"43":{"start":{"line":119,"column":2},"end":{"line":119,"column":69}}},"fnMap":{"0":{"name":"formatDate","decl":{"start":{"line":12,"column":16},"end":{"line":12,"column":26}},"loc":{"start":{"line":12,"column":57},"end":{"line":72,"column":1}},"line":12},"1":{"name":"formatFullDate","decl":{"start":{"line":79,"column":16},"end":{"line":79,"column":30}},"loc":{"start":{"line":79,"column":61},"end":{"line":120,"column":1}},"line":79}},"branchMap":{"0":{"loc":{"start":{"line":13,"column":2},"end":{"line":15,"column":3}},"type":"if","locations":[{"start":{"line":13,"column":2},"end":{"line":15,"column":3}},{"start":{},"end":{}}],"line":13},"1":{"loc":{"start":{"line":19,"column":2},"end":{"line":21,"column":3}},"type":"if","locations":[{"start":{"line":19,"column":2},"end":{"line":21,"column":3}},{"start":{},"end":{}}],"line":19},"2":{"loc":{"start":{"line":24,"column":2},"end":{"line":26,"column":3}},"type":"if","locations":[{"start":{"line":24,"column":2},"end":{"line":26,"column":3}},{"start":{},"end":{}}],"line":24},"3":{"loc":{"start":{"line":33,"column":2},"end":{"line":35,"column":3}},"type":"if","locations":[{"start":{"line":33,"column":2},"end":{"line":35,"column":3}},{"start":{},"end":{}}],"line":33},"4":{"loc":{"start":{"line":37,"column":2},"end":{"line":39,"column":3}},"type":"if","locations":[{"start":{"line":37,"column":2},"end":{"line":39,"column":3}},{"start":{},"end":{}}],"line":37},"5":{"loc":{"start":{"line":41,"column":2},"end":{"line":43,"column":3}},"type":"if","locations":[{"start":{"line":41,"column":2},"end":{"line":43,"column":3}},{"start":{},"end":{}}],"line":41},"6":{"loc":{"start":{"line":45,"column":2},"end":{"line":47,"column":3}},"type":"if","locations":[{"start":{"line":45,"column":2},"end":{"line":47,"column":3}},{"start":{},"end":{}}],"line":45},"7":{"loc":{"start":{"line":67,"column":2},"end":{"line":69,"column":3}},"type":"if","locations":[{"start":{"line":67,"column":2},"end":{"line":69,"column":3}},{"start":{},"end":{}}],"line":67},"8":{"loc":{"start":{"line":80,"column":2},"end":{"line":82,"column":3}},"type":"if","locations":[{"start":{"line":80,"column":2},"end":{"line":82,"column":3}},{"start":{},"end":{}}],"line":80},"9":{"loc":{"start":{"line":85,"column":2},"end":{"line":87,"column":3}},"type":"if","locations":[{"start":{"line":85,"column":2},"end":{"line":87,"column":3}},{"start":{},"end":{}}],"line":85},"10":{"loc":{"start":{"line":110,"column":15},"end":{"line":110,"column":40}},"type":"cond-expr","locations":[{"start":{"line":110,"column":29},"end":{"line":110,"column":33}},{"start":{"line":110,"column":36},"end":{"line":110,"column":40}}],"line":110},"11":{"loc":{"start":{"line":113,"column":2},"end":{"line":115,"column":3}},"type":"if","locations":[{"start":{"line":113,"column":2},"end":{"line":115,"column":3}},{"start":{},"end":{}}],"line":113},"12":{"loc":{"start":{"line":117,"column":20},"end":{"line":117,"column":63}},"type":"cond-expr","locations":[{"start":{"line":117,"column":35},"end":{"line":117,"column":48}},{"start":{"line":117,"column":51},"end":{"line":117,"column":63}}],"line":117}},"s":{"0":4,"1":2,"2":2,"3":2,"4":2,"5":1,"6":1,"7":1,"8":0,"9":1,"10":1,"11":1,"12":1,"13":1,"14":0,"15":1,"16":0,"17":1,"18":0,"19":1,"20":0,"21":1,"22":1,"23":1,"24":1,"25":0,"26":1,"27":3,"28":1,"29":2,"30":2,"31":1,"32":1,"33":1,"34":1,"35":1,"36":1,"37":1,"38":1,"39":1,"40":1,"41":0,"42":1,"43":1},"f":{"0":4,"1":3},"b":{"0":[2,2],"1":[1,1],"2":[0,1],"3":[0,1],"4":[0,1],"5":[0,1],"6":[0,1],"7":[0,1],"8":[1,2],"9":[1,1],"10":[0,1],"11":[0,1],"12":[0,1]},"_coverageSchema":"1a1c01bbd47fc00a2c39e90264f33305004495a9","hash":"fae124191a81680967bc506a3798d7cf9bc37f8f"}
,"/Users/jimmy/Projects/Ghost/frontend/utils/inviteCode.ts": {"path":"/Users/jimmy/Projects/Ghost/frontend/utils/inviteCode.ts","statementMap":{"0":{"start":{"line":1,"column":26},"end":{"line":1,"column":47}},"1":{"start":{"line":11,"column":2},"end":{"line":13,"column":3}},"2":{"start":{"line":12,"column":4},"end":{"line":12,"column":16}},"3":{"start":{"line":15,"column":18},"end":{"line":15,"column":33}},"4":{"start":{"line":16,"column":2},"end":{"line":18,"column":3}},"5":{"start":{"line":17,"column":4},"end":{"line":17,"column":16}},"6":{"start":{"line":20,"column":2},"end":{"line":22,"column":3}},"7":{"start":{"line":21,"column":4},"end":{"line":21,"column":33}},"8":{"start":{"line":24,"column":16},"end":{"line":24,"column":56}},"9":{"start":{"line":25,"column":2},"end":{"line":30,"column":3}},"10":{"start":{"line":26,"column":17},"end":{"line":26,"column":32}},"11":{"start":{"line":27,"column":4},"end":{"line":29,"column":5}},"12":{"start":{"line":28,"column":6},"end":{"line":28,"column":32}},"13":{"start":{"line":32,"column":24},"end":{"line":32,"column":74}},"14":{"start":{"line":33,"column":2},"end":{"line":38,"column":3}},"15":{"start":{"line":34,"column":17},"end":{"line":34,"column":40}},"16":{"start":{"line":35,"column":4},"end":{"line":37,"column":5}},"17":{"start":{"line":36,"column":6},"end":{"line":36,"column":32}},"18":{"start":{"line":40,"column":2},"end":{"line":40,"column":14}}},"fnMap":{"0":{"name":"parseInviteCode","decl":{"start":{"line":10,"column":16},"end":{"line":10,"column":31}},"loc":{"start":{"line":10,"column":65},"end":{"line":41,"column":1}},"line":10}},"branchMap":{"0":{"loc":{"start":{"line":11,"column":2},"end":{"line":13,"column":3}},"type":"if","locations":[{"start":{"line":11,"column":2},"end":{"line":13,"column":3}},{"start":{},"end":{}}],"line":11},"1":{"loc":{"start":{"line":16,"column":2},"end":{"line":18,"column":3}},"type":"if","locations":[{"start":{"line":16,"column":2},"end":{"line":18,"column":3}},{"start":{},"end":{}}],"line":16},"2":{"loc":{"start":{"line":20,"column":2},"end":{"line":22,"column":3}},"type":"if","locations":[{"start":{"line":20,"column":2},"end":{"line":22,"column":3}},{"start":{},"end":{}}],"line":20},"3":{"loc":{"start":{"line":25,"column":2},"end":{"line":30,"column":3}},"type":"if","locations":[{"start":{"line":25,"column":2},"end":{"line":30,"column":3}},{"start":{},"end":{}}],"line":25},"4":{"loc":{"start":{"line":25,"column":6},"end":{"line":25,"column":23}},"type":"binary-expr","locations":[{"start":{"line":25,"column":6},"end":{"line":25,"column":11}},{"start":{"line":25,"column":15},"end":{"line":25,"column":23}}],"line":25},"5":{"loc":{"start":{"line":27,"column":4},"end":{"line":29,"column":5}},"type":"if","locations":[{"start":{"line":27,"column":4},"end":{"line":29,"column":5}},{"start":{},"end":{}}],"line":27},"6":{"loc":{"start":{"line":33,"column":2},"end":{"line":38,"column":3}},"type":"if","locations":[{"start":{"line":33,"column":2},"end":{"line":38,"column":3}},{"start":{},"end":{}}],"line":33},"7":{"loc":{"start":{"line":33,"column":6},"end":{"line":33,"column":39}},"type":"binary-expr","locations":[{"start":{"line":33,"column":6},"end":{"line":33,"column":19}},{"start":{"line":33,"column":23},"end":{"line":33,"column":39}}],"line":33},"8":{"loc":{"start":{"line":35,"column":4},"end":{"line":37,"column":5}},"type":"if","locations":[{"start":{"line":35,"column":4},"end":{"line":37,"column":5}},{"start":{},"end":{}}],"line":35}},"s":{"0":1,"1":5,"2":1,"3":4,"4":4,"5":0,"6":4,"7":1,"8":3,"9":3,"10":2,"11":2,"12":2,"13":1,"14":1,"15":0,"16":0,"17":0,"18":1},"f":{"0":5},"b":{"0":[1,4],"1":[0,4],"2":[1,3],"3":[2,1],"4":[3,2],"5":[2,0],"6":[0,1],"7":[1,0],"8":[0,0]},"_coverageSchema":"1a1c01bbd47fc00a2c39e90264f33305004495a9","hash":"eabdb7c805746b218d164cc5c51d4e4bd043c555"}
,"/Users/jimmy/Projects/Ghost/frontend/utils/sanitize.ts": {"path":"/Users/jimmy/Projects/Ghost/frontend/utils/sanitize.ts","statementMap":{"0":{"start":{"line":1,"column":28},"end":{"line":1,"column":77}},"1":{"start":{"line":4,"column":2},"end":{"line":4,"column":55}},"2":{"start":{"line":8,"column":2},"end":{"line":8,"column":50}}},"fnMap":{"0":{"name":"sanitizeText","decl":{"start":{"line":3,"column":16},"end":{"line":3,"column":28}},"loc":{"start":{"line":3,"column":52},"end":{"line":5,"column":1}},"line":3},"1":{"name":"sanitizeSingleLine","decl":{"start":{"line":7,"column":16},"end":{"line":7,"column":34}},"loc":{"start":{"line":7,"column":58},"end":{"line":9,"column":1}},"line":7}},"branchMap":{},"s":{"0":1,"1":2,"2":1},"f":{"0":2,"1":1},"b":{},"_coverageSchema":"1a1c01bbd47fc00a2c39e90264f33305004495a9","hash":"a9769c8f67c10a7bc04680c51eeb682c353d8f8a"}
}
