{"/Users/jimmy/Projects/Ghost/frontend/components/QuestionCard.tsx": {"path":"/Users/jimmy/Projects/Ghost/frontend/components/QuestionCard.tsx","statementMap":{"0":{"start":{"line":22,"column":15},"end":{"line":22,"column":35}},"1":{"start":{"line":23,"column":14},"end":{"line":23,"column":24}},"2":{"start":{"line":24,"column":17},"end":{"line":24,"column":47}},"3":{"start":{"line":25,"column":18},"end":{"line":25,"column":44}},"4":{"start":{"line":26,"column":19},"end":{"line":26,"column":47}},"5":{"start":{"line":27,"column":18},"end":{"line":27,"column":47}},"6":{"start":{"line":29,"column":2},"end":{"line":29,"column":37}},"7":{"start":{"line":29,"column":19},"end":{"line":29,"column":37}},"8":{"start":{"line":30,"column":2},"end":{"line":30,"column":45}},"9":{"start":{"line":30,"column":20},"end":{"line":30,"column":45}},"10":{"start":{"line":31,"column":2},"end":{"line":31,"column":47}},"11":{"start":{"line":31,"column":21},"end":{"line":31,"column":47}},"12":{"start":{"line":32,"column":2},"end":{"line":32,"column":44}},"13":{"start":{"line":32,"column":19},"end":{"line":32,"column":44}},"14":{"start":{"line":34,"column":2},"end":{"line":37,"column":5}},"15":{"start":{"line":41,"column":16},"end":{"line":41,"column":44}},"16":{"start":{"line":42,"column":20},"end":{"line":42,"column":34}},"17":{"start":{"line":43,"column":19},"end":{"line":43,"column":66}},"18":{"start":{"line":44,"column":2},"end":{"line":44,"column":33}},"19":{"start":{"line":47,"column":50},"end":{"line":142,"column":1}},"20":{"start":{"line":55,"column":34},"end":{"line":55,"column":70}},"21":{"start":{"line":57,"column":2},"end":{"line":141,"column":4}},"22":{"start":{"line":144,"column":15},"end":{"line":244,"column":2}}},"fnMap":{"0":{"name":"formatTimestamp","decl":{"start":{"line":21,"column":9},"end":{"line":21,"column":24}},"loc":{"start":{"line":21,"column":53},"end":{"line":38,"column":1}},"line":21},"1":{"name":"parseAuthorName","decl":{"start":{"line":40,"column":9},"end":{"line":40,"column":24}},"loc":{"start":{"line":40,"column":86},"end":{"line":45,"column":1}},"line":40},"2":{"name":"(anonymous_2)","decl":{"start":{"line":47,"column":50},"end":{"line":47,"column":51}},"loc":{"start":{"line":54,"column":6},"end":{"line":142,"column":1}},"line":54}},"branchMap":{"0":{"loc":{"start":{"line":29,"column":2},"end":{"line":29,"column":37}},"type":"if","locations":[{"start":{"line":29,"column":2},"end":{"line":29,"column":37}},{"start":{},"end":{}}],"line":29},"1":{"loc":{"start":{"line":30,"column":2},"end":{"line":30,"column":45}},"type":"if","locations":[{"start":{"line":30,"column":2},"end":{"line":30,"column":45}},{"start":{},"end":{}}],"line":30},"2":{"loc":{"start":{"line":31,"column":2},"end":{"line":31,"column":47}},"type":"if","locations":[{"start":{"line":31,"column":2},"end":{"line":31,"column":47}},{"start":{},"end":{}}],"line":31},"3":{"loc":{"start":{"line":32,"column":2},"end":{"line":32,"column":44}},"type":"if","locations":[{"start":{"line":32,"column":2},"end":{"line":32,"column":44}},{"start":{},"end":{}}],"line":32},"4":{"loc":{"start":{"line":42,"column":20},"end":{"line":42,"column":34}},"type":"binary-expr","locations":[{"start":{"line":42,"column":20},"end":{"line":42,"column":28}},{"start":{"line":42,"column":32},"end":{"line":42,"column":34}}],"line":42},"5":{"loc":{"start":{"line":43,"column":19},"end":{"line":43,"column":66}},"type":"cond-expr","locations":[{"start":{"line":43,"column":38},"end":{"line":43,"column":61}},{"start":{"line":43,"column":64},"end":{"line":43,"column":66}}],"line":43},"6":{"loc":{"start":{"line":60,"column":7},"end":{"line":64,"column":7}},"type":"binary-expr","locations":[{"start":{"line":60,"column":7},"end":{"line":60,"column":24}},{"start":{"line":61,"column":8},"end":{"line":63,"column":15}}],"line":60},"7":{"loc":{"start":{"line":69,"column":11},"end":{"line":69,"column":99}},"type":"binary-expr","locations":[{"start":{"line":69,"column":11},"end":{"line":69,"column":29}},{"start":{"line":69,"column":33},"end":{"line":69,"column":99}}],"line":69},"8":{"loc":{"start":{"line":72,"column":9},"end":{"line":72,"column":68}},"type":"binary-expr","locations":[{"start":{"line":72,"column":9},"end":{"line":72,"column":26}},{"start":{"line":72,"column":30},"end":{"line":72,"column":68}}],"line":72},"9":{"loc":{"start":{"line":82,"column":9},"end":{"line":82,"column":55}},"type":"cond-expr","locations":[{"start":{"line":82,"column":29},"end":{"line":82,"column":39}},{"start":{"line":82,"column":42},"end":{"line":82,"column":55}}],"line":82},"10":{"loc":{"start":{"line":113,"column":11},"end":{"line":122,"column":11}},"type":"binary-expr","locations":[{"start":{"line":113,"column":11},"end":{"line":113,"column":21}},{"start":{"line":114,"column":12},"end":{"line":121,"column":31}}],"line":113},"11":{"loc":{"start":{"line":118,"column":34},"end":{"line":118,"column":92}},"type":"cond-expr","locations":[{"start":{"line":118,"column":58},"end":{"line":118,"column":75}},{"start":{"line":118,"column":78},"end":{"line":118,"column":92}}],"line":118},"12":{"loc":{"start":{"line":120,"column":49},"end":{"line":120,"column":85}},"type":"cond-expr","locations":[{"start":{"line":120,"column":73},"end":{"line":120,"column":77}},{"start":{"line":120,"column":80},"end":{"line":120,"column":85}}],"line":120},"13":{"loc":{"start":{"line":125,"column":11},"end":{"line":134,"column":11}},"type":"binary-expr","locations":[{"start":{"line":125,"column":11},"end":{"line":125,"column":19}},{"start":{"line":126,"column":12},"end":{"line":133,"column":31}}],"line":125}},"s":{"0":1,"1":1,"2":1,"3":1,"4":1,"5":1,"6":1,"7":1,"8":0,"9":0,"10":0,"11":0,"12":0,"13":0,"14":0,"15":1,"16":1,"17":1,"18":1,"19":1,"20":1,"21":1,"22":1},"f":{"0":1,"1":1,"2":1},"b":{"0":[1,0],"1":[0,0],"2":[0,0],"3":[0,0],"4":[1,0],"5":[1,0],"6":[1,0],"7":[1,1],"8":[1,0],"9":[0,1],"10":[1,1],"11":[0,1],"12":[0,1],"13":[1,1]},"_coverageSchema":"1a1c01bbd47fc00a2c39e90264f33305004495a9","hash":"fb263aa681756a17da2c2358862b7e5ef0dd69c2"}
,"/Users/jimmy/Projects/Ghost/frontend/components/ui/GlassButton.tsx": {"path":"/Users/jimmy/Projects/Ghost/frontend/components/ui/GlassButton.tsx","statementMap":{"0":{"start":{"line":26,"column":48},"end":{"line":62,"column":1}},"1":{"start":{"line":35,"column":22},"end":{"line":35,"column":38}},"2":{"start":{"line":36,"column":17},"end":{"line":36,"column":33}},"3":{"start":{"line":37,"column":24},"end":{"line":37,"column":57}},"4":{"start":{"line":39,"column":2},"end":{"line":61,"column":4}},"5":{"start":{"line":65,"column":2},"end":{"line":90,"column":3}},"6":{"start":{"line":67,"column":6},"end":{"line":71,"column":8}},"7":{"start":{"line":73,"column":6},"end":{"line":77,"column":8}},"8":{"start":{"line":79,"column":6},"end":{"line":83,"column":8}},"9":{"start":{"line":85,"column":6},"end":{"line":89,"column":8}},"10":{"start":{"line":93,"column":15},"end":{"line":130,"column":2}}},"fnMap":{"0":{"name":"(anonymous_0)","decl":{"start":{"line":26,"column":48},"end":{"line":26,"column":49}},"loc":{"start":{"line":34,"column":6},"end":{"line":62,"column":1}},"line":34},"1":{"name":"getVariantStyles","decl":{"start":{"line":64,"column":9},"end":{"line":64,"column":25}},"loc":{"start":{"line":64,"column":69},"end":{"line":91,"column":1}},"line":64}},"branchMap":{"0":{"loc":{"start":{"line":29,"column":2},"end":{"line":29,"column":21}},"type":"default-arg","locations":[{"start":{"line":29,"column":12},"end":{"line":29,"column":21}}],"line":29},"1":{"loc":{"start":{"line":30,"column":2},"end":{"line":30,"column":18}},"type":"default-arg","locations":[{"start":{"line":30,"column":13},"end":{"line":30,"column":18}}],"line":30},"2":{"loc":{"start":{"line":31,"column":2},"end":{"line":31,"column":17}},"type":"default-arg","locations":[{"start":{"line":31,"column":12},"end":{"line":31,"column":17}}],"line":31},"3":{"loc":{"start":{"line":41,"column":66},"end":{"line":41,"column":93}},"type":"binary-expr","locations":[{"start":{"line":41,"column":66},"end":{"line":41,"column":74}},{"start":{"line":41,"column":78},"end":{"line":41,"column":93}}],"line":41},"4":{"loc":{"start":{"line":43,"column":16},"end":{"line":43,"column":35}},"type":"binary-expr","locations":[{"start":{"line":43,"column":16},"end":{"line":43,"column":24}},{"start":{"line":43,"column":28},"end":{"line":43,"column":35}}],"line":43},"5":{"loc":{"start":{"line":46,"column":26},"end":{"line":46,"column":53}},"type":"binary-expr","locations":[{"start":{"line":46,"column":26},"end":{"line":46,"column":44}},{"start":{"line":46,"column":48},"end":{"line":46,"column":53}}],"line":46},"6":{"loc":{"start":{"line":48,"column":37},"end":{"line":48,"column":78}},"type":"cond-expr","locations":[{"start":{"line":48,"column":62},"end":{"line":48,"column":68}},{"start":{"line":48,"column":71},"end":{"line":48,"column":78}}],"line":48},"7":{"loc":{"start":{"line":50,"column":11},"end":{"line":57,"column":11}},"type":"cond-expr","locations":[{"start":{"line":51,"column":12},"end":{"line":51,"column":83}},{"start":{"line":53,"column":12},"end":{"line":56,"column":19}}],"line":50},"8":{"loc":{"start":{"line":54,"column":15},"end":{"line":54,"column":71}},"type":"binary-expr","locations":[{"start":{"line":54,"column":15},"end":{"line":54,"column":19}},{"start":{"line":54,"column":23},"end":{"line":54,"column":71}}],"line":54},"9":{"loc":{"start":{"line":65,"column":2},"end":{"line":90,"column":3}},"type":"switch","locations":[{"start":{"line":66,"column":4},"end":{"line":71,"column":8}},{"start":{"line":72,"column":4},"end":{"line":77,"column":8}},{"start":{"line":78,"column":4},"end":{"line":83,"column":8}},{"start":{"line":84,"column":4},"end":{"line":89,"column":8}}],"line":65}},"s":{"0":1,"1":2,"2":2,"3":2,"4":2,"5":2,"6":2,"7":0,"8":0,"9":0,"10":1},"f":{"0":2,"1":2},"b":{"0":[2],"1":[1],"2":[2],"3":[2,1],"4":[2,1],"5":[2,2],"6":[0,2],"7":[0,2],"8":[2,0],"9":[2,0,0,0]},"_coverageSchema":"1a1c01bbd47fc00a2c39e90264f33305004495a9","hash":"5706ca089cd2266cb97c1a83943ca6ec1ab2c953"}
,"/Users/jimmy/Projects/Ghost/frontend/components/ui/GlassCard.tsx": {"path":"/Users/jimmy/Projects/Ghost/frontend/components/ui/GlassCard.tsx","statementMap":{"0":{"start":{"line":21,"column":44},"end":{"line":57,"column":1}},"1":{"start":{"line":28,"column":22},"end":{"line":28,"column":38}},"2":{"start":{"line":29,"column":17},"end":{"line":29,"column":33}},"3":{"start":{"line":32,"column":4},"end":{"line":40,"column":11}},"4":{"start":{"line":43,"column":2},"end":{"line":54,"column":3}},"5":{"start":{"line":44,"column":4},"end":{"line":53,"column":6}},"6":{"start":{"line":56,"column":2},"end":{"line":56,"column":17}},"7":{"start":{"line":59,"column":15},"end":{"line":71,"column":2}}},"fnMap":{"0":{"name":"(anonymous_0)","decl":{"start":{"line":21,"column":44},"end":{"line":21,"column":45}},"loc":{"start":{"line":27,"column":6},"end":{"line":57,"column":1}},"line":27}},"branchMap":{"0":{"loc":{"start":{"line":24,"column":2},"end":{"line":24,"column":20}},"type":"default-arg","locations":[{"start":{"line":24,"column":18},"end":{"line":24,"column":20}}],"line":24},"1":{"loc":{"start":{"line":35,"column":14},"end":{"line":35,"column":55}},"type":"cond-expr","locations":[{"start":{"line":35,"column":39},"end":{"line":35,"column":45}},{"start":{"line":35,"column":48},"end":{"line":35,"column":55}}],"line":35},"2":{"loc":{"start":{"line":43,"column":2},"end":{"line":54,"column":3}},"type":"if","locations":[{"start":{"line":43,"column":2},"end":{"line":54,"column":3}},{"start":{},"end":{}}],"line":43}},"s":{"0":2,"1":3,"2":3,"3":3,"4":3,"5":2,"6":1,"7":2},"f":{"0":3},"b":{"0":[3],"1":[0,3],"2":[2,1]},"_coverageSchema":"1a1c01bbd47fc00a2c39e90264f33305004495a9","hash":"159e8681e0053264b9ca3623841a4db72d34c0dc"}
,"/Users/jimmy/Projects/Ghost/frontend/components/ui/GlassInput.tsx": {"path":"/Users/jimmy/Projects/Ghost/frontend/components/ui/GlassInput.tsx","statementMap":{"0":{"start":{"line":33,"column":46},"end":{"line":107,"column":1}},"1":{"start":{"line":51,"column":36},"end":{"line":51,"column":51}},"2":{"start":{"line":52,"column":17},"end":{"line":52,"column":33}},"3":{"start":{"line":54,"column":22},"end":{"line":54,"column":76}},"4":{"start":{"line":56,"column":2},"end":{"line":106,"column":4}},"5":{"start":{"line":99,"column":25},"end":{"line":99,"column":43}},"6":{"start":{"line":100,"column":24},"end":{"line":100,"column":43}},"7":{"start":{"line":109,"column":15},"end":{"line":149,"column":2}}},"fnMap":{"0":{"name":"(anonymous_0)","decl":{"start":{"line":33,"column":46},"end":{"line":33,"column":47}},"loc":{"start":{"line":50,"column":6},"end":{"line":107,"column":1}},"line":50},"1":{"name":"(anonymous_1)","decl":{"start":{"line":99,"column":19},"end":{"line":99,"column":20}},"loc":{"start":{"line":99,"column":25},"end":{"line":99,"column":43}},"line":99},"2":{"name":"(anonymous_2)","decl":{"start":{"line":100,"column":18},"end":{"line":100,"column":19}},"loc":{"start":{"line":100,"column":24},"end":{"line":100,"column":43}},"line":100}},"branchMap":{"0":{"loc":{"start":{"line":38,"column":2},"end":{"line":38,"column":19}},"type":"default-arg","locations":[{"start":{"line":38,"column":14},"end":{"line":38,"column":19}}],"line":38},"1":{"loc":{"start":{"line":39,"column":2},"end":{"line":39,"column":19}},"type":"default-arg","locations":[{"start":{"line":39,"column":18},"end":{"line":39,"column":19}}],"line":39},"2":{"loc":{"start":{"line":43,"column":2},"end":{"line":43,"column":25}},"type":"default-arg","locations":[{"start":{"line":43,"column":19},"end":{"line":43,"column":25}}],"line":43},"3":{"loc":{"start":{"line":48,"column":2},"end":{"line":48,"column":17}},"type":"default-arg","locations":[{"start":{"line":48,"column":13},"end":{"line":48,"column":17}}],"line":48},"4":{"loc":{"start":{"line":54,"column":22},"end":{"line":54,"column":76}},"type":"cond-expr","locations":[{"start":{"line":54,"column":34},"end":{"line":54,"column":71}},{"start":{"line":54,"column":74},"end":{"line":54,"column":76}}],"line":54},"5":{"loc":{"start":{"line":58,"column":7},"end":{"line":58,"column":92}},"type":"binary-expr","locations":[{"start":{"line":58,"column":7},"end":{"line":58,"column":12}},{"start":{"line":58,"column":16},"end":{"line":58,"column":92}}],"line":58},"6":{"loc":{"start":{"line":67,"column":10},"end":{"line":72,"column":18}},"type":"cond-expr","locations":[{"start":{"line":68,"column":14},"end":{"line":71,"column":15}},{"start":{"line":72,"column":14},"end":{"line":72,"column":18}}],"line":67},"7":{"loc":{"start":{"line":73,"column":10},"end":{"line":73,"column":54}},"type":"cond-expr","locations":[{"start":{"line":73,"column":18},"end":{"line":73,"column":47}},{"start":{"line":73,"column":50},"end":{"line":73,"column":54}}],"line":73},"8":{"loc":{"start":{"line":74,"column":10},"end":{"line":74,"column":47}},"type":"binary-expr","locations":[{"start":{"line":74,"column":10},"end":{"line":74,"column":19}},{"start":{"line":74,"column":23},"end":{"line":74,"column":47}}],"line":74},"9":{"loc":{"start":{"line":77,"column":9},"end":{"line":77,"column":65}},"type":"binary-expr","locations":[{"start":{"line":77,"column":9},"end":{"line":77,"column":13}},{"start":{"line":77,"column":17},"end":{"line":77,"column":65}}],"line":77},"10":{"loc":{"start":{"line":82,"column":12},"end":{"line":82,"column":46}},"type":"binary-expr","locations":[{"start":{"line":82,"column":12},"end":{"line":82,"column":21}},{"start":{"line":82,"column":25},"end":{"line":82,"column":46}}],"line":82},"11":{"loc":{"start":{"line":83,"column":12},"end":{"line":83,"column":46}},"type":"cond-expr","locations":[{"start":{"line":83,"column":19},"end":{"line":83,"column":39}},{"start":{"line":83,"column":42},"end":{"line":83,"column":46}}],"line":83},"12":{"loc":{"start":{"line":91,"column":25},"end":{"line":91,"column":62}},"type":"cond-expr","locations":[{"start":{"line":91,"column":37},"end":{"line":91,"column":50}},{"start":{"line":91,"column":53},"end":{"line":91,"column":62}}],"line":91},"13":{"loc":{"start":{"line":92,"column":29},"end":{"line":92,"column":57}},"type":"cond-expr","locations":[{"start":{"line":92,"column":41},"end":{"line":92,"column":46}},{"start":{"line":92,"column":49},"end":{"line":92,"column":57}}],"line":92},"14":{"loc":{"start":{"line":104,"column":7},"end":{"line":104,"column":88}},"type":"binary-expr","locations":[{"start":{"line":104,"column":7},"end":{"line":104,"column":12}},{"start":{"line":104,"column":16},"end":{"line":104,"column":88}}],"line":104}},"s":{"0":1,"1":2,"2":2,"3":2,"4":2,"5":0,"6":0,"7":1},"f":{"0":2,"1":0,"2":0},"b":{"0":[2],"1":[2],"2":[2],"3":[2],"4":[0,2],"5":[2,1],"6":[0,2],"7":[1,1],"8":[2,0],"9":[2,0],"10":[2,0],"11":[0,2],"12":[0,2],"13":[0,2],"14":[2,1]},"_coverageSchema":"1a1c01bbd47fc00a2c39e90264f33305004495a9","hash":"12d740c23cfa5b83e33cdcf15ffd4ead38431f96"}
,"/Users/jimmy/Projects/Ghost/frontend/components/ui/GlassModal.tsx": {"path":"/Users/jimmy/Projects/Ghost/frontend/components/ui/GlassModal.tsx","statementMap":{"0":{"start":{"line":25,"column":34},"end":{"line":25,"column":58}},"1":{"start":{"line":27,"column":46},"end":{"line":92,"column":1}},"2":{"start":{"line":28,"column":17},"end":{"line":28,"column":33}},"3":{"start":{"line":29,"column":22},"end":{"line":29,"column":38}},"4":{"start":{"line":31,"column":2},"end":{"line":91,"column":4}},"5":{"start":{"line":94,"column":15},"end":{"line":150,"column":2}}},"fnMap":{"0":{"name":"(anonymous_0)","decl":{"start":{"line":27,"column":46},"end":{"line":27,"column":47}},"loc":{"start":{"line":27,"column":89},"end":{"line":92,"column":1}},"line":27}},"branchMap":{"0":{"loc":{"start":{"line":40,"column":18},"end":{"line":40,"column":62}},"type":"cond-expr","locations":[{"start":{"line":40,"column":42},"end":{"line":40,"column":51}},{"start":{"line":40,"column":54},"end":{"line":40,"column":62}}],"line":40},"1":{"loc":{"start":{"line":55,"column":22},"end":{"line":55,"column":63}},"type":"cond-expr","locations":[{"start":{"line":55,"column":47},"end":{"line":55,"column":53}},{"start":{"line":55,"column":56},"end":{"line":55,"column":63}}],"line":55}},"s":{"0":1,"1":1,"2":2,"3":2,"4":2,"5":1},"f":{"0":2},"b":{"0":[2,0],"1":[0,2]},"_coverageSchema":"1a1c01bbd47fc00a2c39e90264f33305004495a9","hash":"3c4d0ddd2346e2ad0487271b67bc486aacb6ad29"}
,"/Users/jimmy/Projects/Ghost/frontend/services/auditLogService.ts": {"path":"/Users/jimmy/Projects/Ghost/frontend/services/auditLogService.ts","statementMap":{"0":{"start":{"line":4,"column":31},"end":{"line":38,"column":1}},"1":{"start":{"line":16,"column":21},"end":{"line":28,"column":5}},"2":{"start":{"line":29,"column":4},"end":{"line":29,"column":25}},"3":{"start":{"line":33,"column":21},"end":{"line":35,"column":6}},"4":{"start":{"line":36,"column":4},"end":{"line":36,"column":25}}},"fnMap":{"0":{"name":"(anonymous_0)","decl":{"start":{"line":5,"column":8},"end":{"line":5,"column":9}},"loc":{"start":{"line":15,"column":48},"end":{"line":30,"column":3}},"line":15},"1":{"name":"(anonymous_1)","decl":{"start":{"line":32,"column":13},"end":{"line":32,"column":14}},"loc":{"start":{"line":32,"column":62},"end":{"line":37,"column":3}},"line":32}},"branchMap":{"0":{"loc":{"start":{"line":24,"column":16},"end":{"line":24,"column":33}},"type":"binary-expr","locations":[{"start":{"line":24,"column":16},"end":{"line":24,"column":28}},{"start":{"line":24,"column":32},"end":{"line":24,"column":33}}],"line":24},"1":{"loc":{"start":{"line":25,"column":16},"end":{"line":25,"column":34}},"type":"binary-expr","locations":[{"start":{"line":25,"column":16},"end":{"line":25,"column":28}},{"start":{"line":25,"column":32},"end":{"line":25,"column":34}}],"line":25}},"s":{"0":1,"1":1,"2":1,"3":1,"4":1},"f":{"0":1,"1":1},"b":{"0":[1,1],"1":[1,1]},"_coverageSchema":"1a1c01bbd47fc00a2c39e90264f33305004495a9","hash":"8d49b418639131abda9b5cf183d28bd9fae806f4"}
,"/Users/jimmy/Projects/Ghost/frontend/services/commentService.ts": {"path":"/Users/jimmy/Projects/Ghost/frontend/services/commentService.ts","statementMap":{"0":{"start":{"line":16,"column":30},"end":{"line":121,"column":1}},"1":{"start":{"line":22,"column":21},"end":{"line":30,"column":5}},"2":{"start":{"line":31,"column":4},"end":{"line":31,"column":80}},"3":{"start":{"line":40,"column":21},"end":{"line":40,"column":88}},"4":{"start":{"line":41,"column":4},"end":{"line":41,"column":25}},"5":{"start":{"line":53,"column":21},"end":{"line":53,"column":93}},"6":{"start":{"line":54,"column":4},"end":{"line":54,"column":25}},"7":{"start":{"line":62,"column":4},"end":{"line":62,"column":57}},"8":{"start":{"line":71,"column":21},"end":{"line":71,"column":95}},"9":{"start":{"line":72,"column":4},"end":{"line":72,"column":25}},"10":{"start":{"line":80,"column":4},"end":{"line":80,"column":63}},"11":{"start":{"line":88,"column":4},"end":{"line":88,"column":51}},"12":{"start":{"line":95,"column":4},"end":{"line":95,"column":51}},"13":{"start":{"line":99,"column":4},"end":{"line":99,"column":51}},"14":{"start":{"line":103,"column":4},"end":{"line":103,"column":53}},"15":{"start":{"line":107,"column":4},"end":{"line":107,"column":48}},"16":{"start":{"line":111,"column":4},"end":{"line":111,"column":54}},"17":{"start":{"line":115,"column":4},"end":{"line":115,"column":53}},"18":{"start":{"line":119,"column":4},"end":{"line":119,"column":47}}},"fnMap":{"0":{"name":"(anonymous_0)","decl":{"start":{"line":21,"column":15},"end":{"line":21,"column":16}},"loc":{"start":{"line":21,"column":93},"end":{"line":32,"column":3}},"line":21},"1":{"name":"(anonymous_1)","decl":{"start":{"line":39,"column":17},"end":{"line":39,"column":18}},"loc":{"start":{"line":39,"column":94},"end":{"line":42,"column":3}},"line":39},"2":{"name":"(anonymous_2)","decl":{"start":{"line":48,"column":15},"end":{"line":48,"column":16}},"loc":{"start":{"line":52,"column":33},"end":{"line":55,"column":3}},"line":52},"3":{"name":"(anonymous_3)","decl":{"start":{"line":61,"column":17},"end":{"line":61,"column":18}},"loc":{"start":{"line":61,"column":67},"end":{"line":63,"column":3}},"line":61},"4":{"name":"(anonymous_4)","decl":{"start":{"line":70,"column":22},"end":{"line":70,"column":23}},"loc":{"start":{"line":70,"column":83},"end":{"line":73,"column":3}},"line":70},"5":{"name":"(anonymous_5)","decl":{"start":{"line":79,"column":17},"end":{"line":79,"column":18}},"loc":{"start":{"line":79,"column":74},"end":{"line":81,"column":3}},"line":79},"6":{"name":"(anonymous_6)","decl":{"start":{"line":87,"column":21},"end":{"line":87,"column":22}},"loc":{"start":{"line":87,"column":58},"end":{"line":89,"column":3}},"line":87},"7":{"name":"(anonymous_7)","decl":{"start":{"line":94,"column":8},"end":{"line":94,"column":9}},"loc":{"start":{"line":94,"column":86},"end":{"line":96,"column":3}},"line":94},"8":{"name":"(anonymous_8)","decl":{"start":{"line":98,"column":10},"end":{"line":98,"column":11}},"loc":{"start":{"line":98,"column":87},"end":{"line":100,"column":3}},"line":98},"9":{"name":"(anonymous_9)","decl":{"start":{"line":102,"column":10},"end":{"line":102,"column":11}},"loc":{"start":{"line":102,"column":97},"end":{"line":104,"column":3}},"line":102},"10":{"name":"(anonymous_10)","decl":{"start":{"line":106,"column":10},"end":{"line":106,"column":11}},"loc":{"start":{"line":106,"column":60},"end":{"line":108,"column":3}},"line":106},"11":{"name":"(anonymous_11)","decl":{"start":{"line":110,"column":10},"end":{"line":110,"column":11}},"loc":{"start":{"line":110,"column":71},"end":{"line":112,"column":3}},"line":110},"12":{"name":"(anonymous_12)","decl":{"start":{"line":114,"column":8},"end":{"line":114,"column":9}},"loc":{"start":{"line":114,"column":65},"end":{"line":116,"column":3}},"line":114},"13":{"name":"(anonymous_13)","decl":{"start":{"line":118,"column":14},"end":{"line":118,"column":15}},"loc":{"start":{"line":118,"column":51},"end":{"line":120,"column":3}},"line":118}},"branchMap":{"0":{"loc":{"start":{"line":26,"column":16},"end":{"line":26,"column":33}},"type":"binary-expr","locations":[{"start":{"line":26,"column":16},"end":{"line":26,"column":28}},{"start":{"line":26,"column":32},"end":{"line":26,"column":33}}],"line":26},"1":{"loc":{"start":{"line":27,"column":16},"end":{"line":27,"column":48}},"type":"binary-expr","locations":[{"start":{"line":27,"column":16},"end":{"line":27,"column":28}},{"start":{"line":27,"column":32},"end":{"line":27,"column":48}}],"line":27},"2":{"loc":{"start":{"line":31,"column":11},"end":{"line":31,"column":79}},"type":"cond-expr","locations":[{"start":{"line":31,"column":42},"end":{"line":31,"column":55}},{"start":{"line":31,"column":58},"end":{"line":31,"column":79}}],"line":31}},"s":{"0":1,"1":2,"2":2,"3":0,"4":0,"5":0,"6":0,"7":0,"8":1,"9":1,"10":1,"11":1,"12":1,"13":0,"14":0,"15":0,"16":1,"17":1,"18":1},"f":{"0":2,"1":0,"2":0,"3":0,"4":1,"5":1,"6":1,"7":1,"8":0,"9":0,"10":0,"11":1,"12":1,"13":1},"b":{"0":[2,1],"1":[2,1],"2":[1,1]},"_coverageSchema":"1a1c01bbd47fc00a2c39e90264f33305004495a9","hash":"084be8176f97d229f14a82d27bfd544f697edd70"}
,"/Users/jimmy/Projects/Ghost/frontend/services/notificationService.ts": {"path":"/Users/jimmy/Projects/Ghost/frontend/services/notificationService.ts","statementMap":{"0":{"start":{"line":11,"column":34},"end":{"line":11,"column":39}},"1":{"start":{"line":24,"column":53},"end":{"line":24,"column":57}},"2":{"start":{"line":25,"column":50},"end":{"line":25,"column":54}},"3":{"start":{"line":28,"column":2},"end":{"line":28,"column":26}},"4":{"start":{"line":29,"column":2},"end":{"line":29,"column":27}},"5":{"start":{"line":33,"column":14},"end":{"line":33,"column":24}},"6":{"start":{"line":35,"column":2},"end":{"line":41,"column":3}},"7":{"start":{"line":40,"column":4},"end":{"line":40,"column":34}},"8":{"start":{"line":43,"column":2},"end":{"line":45,"column":3}},"9":{"start":{"line":44,"column":4},"end":{"line":44,"column":37}},"10":{"start":{"line":47,"column":18},"end":{"line":63,"column":6}},"11":{"start":{"line":48,"column":21},"end":{"line":48,"column":86}},"12":{"start":{"line":49,"column":18},"end":{"line":49,"column":37}},"13":{"start":{"line":51,"column":25},"end":{"line":51,"column":68}},"14":{"start":{"line":52,"column":4},"end":{"line":60,"column":5}},"15":{"start":{"line":53,"column":6},"end":{"line":57,"column":8}},"16":{"start":{"line":59,"column":6},"end":{"line":59,"column":30}},"17":{"start":{"line":62,"column":4},"end":{"line":62,"column":17}},"18":{"start":{"line":65,"column":2},"end":{"line":65,"column":56}},"19":{"start":{"line":67,"column":2},"end":{"line":73,"column":28}},"20":{"start":{"line":69,"column":6},"end":{"line":71,"column":7}},"21":{"start":{"line":70,"column":8},"end":{"line":70,"column":33}},"22":{"start":{"line":73,"column":17},"end":{"line":73,"column":26}},"23":{"start":{"line":75,"column":2},"end":{"line":75,"column":17}},"24":{"start":{"line":82,"column":35},"end":{"line":135,"column":1}},"25":{"start":{"line":90,"column":21},"end":{"line":95,"column":6}},"26":{"start":{"line":96,"column":4},"end":{"line":96,"column":25}},"27":{"start":{"line":104,"column":24},"end":{"line":104,"column":67}},"28":{"start":{"line":105,"column":4},"end":{"line":105,"column":41}},"29":{"start":{"line":113,"column":4},"end":{"line":113,"column":47}},"30":{"start":{"line":114,"column":4},"end":{"line":114,"column":28}},"31":{"start":{"line":122,"column":4},"end":{"line":122,"column":45}},"32":{"start":{"line":123,"column":4},"end":{"line":123,"column":28}},"33":{"start":{"line":133,"column":4},"end":{"line":133,"column":64}}},"fnMap":{"0":{"name":"resetUnreadCountCache","decl":{"start":{"line":27,"column":9},"end":{"line":27,"column":30}},"loc":{"start":{"line":27,"column":39},"end":{"line":30,"column":1}},"line":27},"1":{"name":"fetchUnreadCount","decl":{"start":{"line":32,"column":15},"end":{"line":32,"column":31}},"loc":{"start":{"line":32,"column":77},"end":{"line":76,"column":1}},"line":32},"2":{"name":"(anonymous_2)","decl":{"start":{"line":47,"column":19},"end":{"line":47,"column":20}},"loc":{"start":{"line":47,"column":31},"end":{"line":63,"column":3}},"line":47},"3":{"name":"(anonymous_3)","decl":{"start":{"line":68,"column":13},"end":{"line":68,"column":14}},"loc":{"start":{"line":68,"column":19},"end":{"line":72,"column":5}},"line":68},"4":{"name":"(anonymous_4)","decl":{"start":{"line":73,"column":11},"end":{"line":73,"column":12}},"loc":{"start":{"line":73,"column":17},"end":{"line":73,"column":26}},"line":73},"5":{"name":"(anonymous_5)","decl":{"start":{"line":87,"column":20},"end":{"line":87,"column":21}},"loc":{"start":{"line":89,"column":52},"end":{"line":97,"column":3}},"line":89},"6":{"name":"(anonymous_6)","decl":{"start":{"line":103,"column":18},"end":{"line":103,"column":19}},"loc":{"start":{"line":103,"column":47},"end":{"line":106,"column":3}},"line":103},"7":{"name":"(anonymous_7)","decl":{"start":{"line":112,"column":14},"end":{"line":112,"column":15}},"loc":{"start":{"line":112,"column":51},"end":{"line":115,"column":3}},"line":112},"8":{"name":"(anonymous_8)","decl":{"start":{"line":121,"column":17},"end":{"line":121,"column":18}},"loc":{"start":{"line":121,"column":44},"end":{"line":124,"column":3}},"line":121},"9":{"name":"(anonymous_9)","decl":{"start":{"line":129,"column":8},"end":{"line":129,"column":9}},"loc":{"start":{"line":132,"column":52},"end":{"line":134,"column":3}},"line":132}},"branchMap":{"0":{"loc":{"start":{"line":35,"column":2},"end":{"line":41,"column":3}},"type":"if","locations":[{"start":{"line":35,"column":2},"end":{"line":41,"column":3}},{"start":{},"end":{}}],"line":35},"1":{"loc":{"start":{"line":36,"column":4},"end":{"line":38,"column":36}},"type":"binary-expr","locations":[{"start":{"line":36,"column":4},"end":{"line":36,"column":20}},{"start":{"line":37,"column":4},"end":{"line":37,"column":48}},{"start":{"line":38,"column":4},"end":{"line":38,"column":36}}],"line":36},"2":{"loc":{"start":{"line":43,"column":2},"end":{"line":45,"column":3}},"type":"if","locations":[{"start":{"line":43,"column":2},"end":{"line":45,"column":3}},{"start":{},"end":{}}],"line":43},"3":{"loc":{"start":{"line":43,"column":6},"end":{"line":43,"column":72}},"type":"binary-expr","locations":[{"start":{"line":43,"column":6},"end":{"line":43,"column":23}},{"start":{"line":43,"column":27},"end":{"line":43,"column":72}}],"line":43},"4":{"loc":{"start":{"line":51,"column":25},"end":{"line":51,"column":68}},"type":"binary-expr","locations":[{"start":{"line":51,"column":25},"end":{"line":51,"column":60}},{"start":{"line":51,"column":64},"end":{"line":51,"column":68}}],"line":51},"5":{"loc":{"start":{"line":52,"column":4},"end":{"line":60,"column":5}},"type":"if","locations":[{"start":{"line":52,"column":4},"end":{"line":60,"column":5}},{"start":{"line":58,"column":11},"end":{"line":60,"column":5}}],"line":52},"6":{"loc":{"start":{"line":69,"column":6},"end":{"line":71,"column":7}},"type":"if","locations":[{"start":{"line":69,"column":6},"end":{"line":71,"column":7}},{"start":{},"end":{}}],"line":69},"7":{"loc":{"start":{"line":92,"column":14},"end":{"line":92,"column":31}},"type":"binary-expr","locations":[{"start":{"line":92,"column":14},"end":{"line":92,"column":26}},{"start":{"line":92,"column":30},"end":{"line":92,"column":31}}],"line":92},"8":{"loc":{"start":{"line":93,"column":14},"end":{"line":93,"column":46}},"type":"binary-expr","locations":[{"start":{"line":93,"column":14},"end":{"line":93,"column":26}},{"start":{"line":93,"column":30},"end":{"line":93,"column":46}}],"line":93},"9":{"loc":{"start":{"line":104,"column":24},"end":{"line":104,"column":67}},"type":"binary-expr","locations":[{"start":{"line":104,"column":24},"end":{"line":104,"column":59}},{"start":{"line":104,"column":63},"end":{"line":104,"column":67}}],"line":104},"10":{"loc":{"start":{"line":130,"column":4},"end":{"line":130,"column":12}},"type":"default-arg","locations":[{"start":{"line":130,"column":11},"end":{"line":130,"column":12}}],"line":130},"11":{"loc":{"start":{"line":131,"column":4},"end":{"line":131,"column":35}},"type":"default-arg","locations":[{"start":{"line":131,"column":19},"end":{"line":131,"column":35}}],"line":131}},"s":{"0":4,"1":4,"2":4,"3":2,"4":2,"5":6,"6":6,"7":1,"8":5,"9":1,"10":4,"11":4,"12":4,"13":4,"14":4,"15":4,"16":0,"17":4,"18":4,"19":4,"20":4,"21":4,"22":0,"23":4,"24":4,"25":1,"26":1,"27":6,"28":6,"29":1,"30":1,"31":1,"32":1,"33":0},"f":{"0":2,"1":6,"2":4,"3":4,"4":0,"5":1,"6":6,"7":1,"8":1,"9":0},"b":{"0":[1,5],"1":[6,1,1],"2":[1,4],"3":[5,1],"4":[4,0],"5":[4,0],"6":[4,0],"7":[1,1],"8":[1,1],"9":[6,0],"10":[0],"11":[0]},"_coverageSchema":"1a1c01bbd47fc00a2c39e90264f33305004495a9","hash":"1be39b8e848ac932946fe20a8b9fa1ae9eb48350"}
,"/Users/jimmy/Projects/Ghost/frontend/services/whiteboardService.ts": {"path":"/Users/jimmy/Projects/Ghost/frontend/services/whiteboardService.ts","statementMap":{"0":{"start":{"line":17,"column":38},"end":{"line":17,"column":44}},"1":{"start":{"line":30,"column":51},"end":{"line":30,"column":55}},"2":{"start":{"line":31,"column":48},"end":{"line":31,"column":52}},"3":{"start":{"line":34,"column":2},"end":{"line":34,"column":25}},"4":{"start":{"line":35,"column":2},"end":{"line":35,"column":26}},"5":{"start":{"line":39,"column":14},"end":{"line":39,"column":24}},"6":{"start":{"line":41,"column":2},"end":{"line":47,"column":3}},"7":{"start":{"line":46,"column":4},"end":{"line":46,"column":42}},"8":{"start":{"line":49,"column":2},"end":{"line":51,"column":3}},"9":{"start":{"line":50,"column":4},"end":{"line":50,"column":36}},"10":{"start":{"line":53,"column":18},"end":{"line":79,"column":6}},"11":{"start":{"line":54,"column":21},"end":{"line":62,"column":5}},"12":{"start":{"line":64,"column":25},"end":{"line":64,"column":54}},"13":{"start":{"line":65,"column":27},"end":{"line":65,"column":57}},"14":{"start":{"line":67,"column":25},"end":{"line":67,"column":68}},"15":{"start":{"line":68,"column":4},"end":{"line":76,"column":5}},"16":{"start":{"line":69,"column":6},"end":{"line":73,"column":8}},"17":{"start":{"line":75,"column":6},"end":{"line":75,"column":29}},"18":{"start":{"line":78,"column":4},"end":{"line":78,"column":26}},"19":{"start":{"line":81,"column":2},"end":{"line":81,"column":55}},"20":{"start":{"line":83,"column":2},"end":{"line":89,"column":28}},"21":{"start":{"line":85,"column":6},"end":{"line":87,"column":7}},"22":{"start":{"line":86,"column":8},"end":{"line":86,"column":32}},"23":{"start":{"line":89,"column":17},"end":{"line":89,"column":26}},"24":{"start":{"line":91,"column":2},"end":{"line":91,"column":17}},"25":{"start":{"line":104,"column":2},"end":{"line":112,"column":3}},"26":{"start":{"line":105,"column":4},"end":{"line":111,"column":6}},"27":{"start":{"line":113,"column":2},"end":{"line":113,"column":14}},"28":{"start":{"line":117,"column":2},"end":{"line":125,"column":4}},"29":{"start":{"line":132,"column":33},"end":{"line":358,"column":1}},"30":{"start":{"line":138,"column":21},"end":{"line":146,"column":5}},"31":{"start":{"line":147,"column":4},"end":{"line":147,"column":49}},"32":{"start":{"line":155,"column":24},"end":{"line":155,"column":67}},"33":{"start":{"line":156,"column":4},"end":{"line":156,"column":40}},"34":{"start":{"line":166,"column":21},"end":{"line":174,"column":5}},"35":{"start":{"line":175,"column":4},"end":{"line":175,"column":49}},"36":{"start":{"line":183,"column":21},"end":{"line":183,"column":76}},"37":{"start":{"line":184,"column":4},"end":{"line":184,"column":25}},"38":{"start":{"line":192,"column":21},"end":{"line":192,"column":77}},"39":{"start":{"line":193,"column":4},"end":{"line":193,"column":27}},"40":{"start":{"line":194,"column":4},"end":{"line":194,"column":25}},"41":{"start":{"line":202,"column":4},"end":{"line":202,"column":43}},"42":{"start":{"line":203,"column":4},"end":{"line":203,"column":27}},"43":{"start":{"line":211,"column":24},"end":{"line":211,"column":41}},"44":{"start":{"line":212,"column":4},"end":{"line":216,"column":5}},"45":{"start":{"line":213,"column":6},"end":{"line":213,"column":87}},"46":{"start":{"line":214,"column":6},"end":{"line":214,"column":29}},"47":{"start":{"line":215,"column":6},"end":{"line":215,"column":13}},"48":{"start":{"line":217,"column":4},"end":{"line":217,"column":79}},"49":{"start":{"line":218,"column":4},"end":{"line":218,"column":27}},"50":{"start":{"line":226,"column":4},"end":{"line":226,"column":54}},"51":{"start":{"line":237,"column":21},"end":{"line":245,"column":5}},"52":{"start":{"line":246,"column":4},"end":{"line":246,"column":57}},"53":{"start":{"line":258,"column":4},"end":{"line":258,"column":71}},"54":{"start":{"line":266,"column":21},"end":{"line":274,"column":5}},"55":{"start":{"line":275,"column":21},"end":{"line":275,"column":58}},"56":{"start":{"line":276,"column":4},"end":{"line":276,"column":50}},"57":{"start":{"line":284,"column":4},"end":{"line":284,"column":63}},"58":{"start":{"line":294,"column":6},"end":{"line":294,"column":63}},"59":{"start":{"line":295,"column":4},"end":{"line":295,"column":68}},"60":{"start":{"line":303,"column":4},"end":{"line":303,"column":47}},"61":{"start":{"line":304,"column":4},"end":{"line":304,"column":27}},"62":{"start":{"line":314,"column":21},"end":{"line":314,"column":88}},"63":{"start":{"line":315,"column":4},"end":{"line":319,"column":6}},"64":{"start":{"line":329,"column":4},"end":{"line":329,"column":60}},"65":{"start":{"line":336,"column":4},"end":{"line":336,"column":72}},"66":{"start":{"line":340,"column":4},"end":{"line":340,"column":47}},"67":{"start":{"line":344,"column":4},"end":{"line":344,"column":52}},"68":{"start":{"line":348,"column":4},"end":{"line":348,"column":49}},"69":{"start":{"line":356,"column":4},"end":{"line":356,"column":71}}},"fnMap":{"0":{"name":"resetMembershipCache","decl":{"start":{"line":33,"column":9},"end":{"line":33,"column":29}},"loc":{"start":{"line":33,"column":38},"end":{"line":36,"column":1}},"line":33},"1":{"name":"checkMembership","decl":{"start":{"line":38,"column":15},"end":{"line":38,"column":30}},"loc":{"start":{"line":38,"column":77},"end":{"line":92,"column":1}},"line":38},"2":{"name":"(anonymous_2)","decl":{"start":{"line":53,"column":19},"end":{"line":53,"column":20}},"loc":{"start":{"line":53,"column":31},"end":{"line":79,"column":3}},"line":53},"3":{"name":"(anonymous_3)","decl":{"start":{"line":84,"column":13},"end":{"line":84,"column":14}},"loc":{"start":{"line":84,"column":19},"end":{"line":88,"column":5}},"line":84},"4":{"name":"(anonymous_4)","decl":{"start":{"line":89,"column":11},"end":{"line":89,"column":12}},"loc":{"start":{"line":89,"column":17},"end":{"line":89,"column":26}},"line":89},"5":{"name":"toPageResponse","decl":{"start":{"line":100,"column":9},"end":{"line":100,"column":23}},"loc":{"start":{"line":103,"column":19},"end":{"line":114,"column":1}},"line":103},"6":{"name":"toMemberResponse","decl":{"start":{"line":116,"column":9},"end":{"line":116,"column":25}},"loc":{"start":{"line":116,"column":62},"end":{"line":126,"column":1}},"line":116},"7":{"name":"(anonymous_7)","decl":{"start":{"line":137,"column":18},"end":{"line":137,"column":19}},"loc":{"start":{"line":137,"column":98},"end":{"line":148,"column":3}},"line":137},"8":{"name":"(anonymous_8)","decl":{"start":{"line":154,"column":20},"end":{"line":154,"column":21}},"loc":{"start":{"line":154,"column":50},"end":{"line":157,"column":3}},"line":154},"9":{"name":"(anonymous_9)","decl":{"start":{"line":163,"column":30},"end":{"line":163,"column":31}},"loc":{"start":{"line":165,"column":50},"end":{"line":176,"column":3}},"line":165},"10":{"name":"(anonymous_10)","decl":{"start":{"line":182,"column":17},"end":{"line":182,"column":18}},"loc":{"start":{"line":182,"column":68},"end":{"line":185,"column":3}},"line":182},"11":{"name":"(anonymous_11)","decl":{"start":{"line":191,"column":20},"end":{"line":191,"column":21}},"loc":{"start":{"line":191,"column":90},"end":{"line":195,"column":3}},"line":191},"12":{"name":"(anonymous_12)","decl":{"start":{"line":201,"column":20},"end":{"line":201,"column":21}},"loc":{"start":{"line":201,"column":57},"end":{"line":204,"column":3}},"line":201},"13":{"name":"(anonymous_13)","decl":{"start":{"line":210,"column":20},"end":{"line":210,"column":21}},"loc":{"start":{"line":210,"column":88},"end":{"line":219,"column":3}},"line":210},"14":{"name":"(anonymous_14)","decl":{"start":{"line":225,"column":17},"end":{"line":225,"column":18}},"loc":{"start":{"line":225,"column":54},"end":{"line":227,"column":3}},"line":225},"15":{"name":"(anonymous_15)","decl":{"start":{"line":233,"column":19},"end":{"line":233,"column":20}},"loc":{"start":{"line":236,"column":39},"end":{"line":247,"column":3}},"line":236},"16":{"name":"(anonymous_16)","decl":{"start":{"line":253,"column":21},"end":{"line":253,"column":22}},"loc":{"start":{"line":257,"column":22},"end":{"line":259,"column":3}},"line":257},"17":{"name":"(anonymous_17)","decl":{"start":{"line":265,"column":14},"end":{"line":265,"column":15}},"loc":{"start":{"line":265,"column":90},"end":{"line":277,"column":3}},"line":265},"18":{"name":"(anonymous_18)","decl":{"start":{"line":283,"column":16},"end":{"line":283,"column":17}},"loc":{"start":{"line":283,"column":71},"end":{"line":285,"column":3}},"line":283},"19":{"name":"(anonymous_19)","decl":{"start":{"line":292,"column":21},"end":{"line":292,"column":22}},"loc":{"start":{"line":292,"column":99},"end":{"line":296,"column":3}},"line":292},"20":{"name":"(anonymous_20)","decl":{"start":{"line":302,"column":19},"end":{"line":302,"column":20}},"loc":{"start":{"line":302,"column":56},"end":{"line":305,"column":3}},"line":302},"21":{"name":"(anonymous_21)","decl":{"start":{"line":311,"column":17},"end":{"line":311,"column":18}},"loc":{"start":{"line":313,"column":75},"end":{"line":320,"column":3}},"line":313},"22":{"name":"(anonymous_22)","decl":{"start":{"line":325,"column":8},"end":{"line":325,"column":9}},"loc":{"start":{"line":328,"column":50},"end":{"line":330,"column":3}},"line":328},"23":{"name":"(anonymous_23)","decl":{"start":{"line":332,"column":20},"end":{"line":332,"column":21}},"loc":{"start":{"line":335,"column":50},"end":{"line":337,"column":3}},"line":335},"24":{"name":"(anonymous_24)","decl":{"start":{"line":339,"column":11},"end":{"line":339,"column":12}},"loc":{"start":{"line":339,"column":62},"end":{"line":341,"column":3}},"line":339},"25":{"name":"(anonymous_25)","decl":{"start":{"line":343,"column":10},"end":{"line":343,"column":11}},"loc":{"start":{"line":343,"column":80},"end":{"line":345,"column":3}},"line":343},"26":{"name":"(anonymous_26)","decl":{"start":{"line":347,"column":10},"end":{"line":347,"column":11}},"loc":{"start":{"line":347,"column":47},"end":{"line":349,"column":3}},"line":347},"27":{"name":"(anonymous_27)","decl":{"start":{"line":351,"column":21},"end":{"line":351,"column":22}},"loc":{"start":{"line":355,"column":22},"end":{"line":357,"column":3}},"line":355}},"branchMap":{"0":{"loc":{"start":{"line":41,"column":2},"end":{"line":47,"column":3}},"type":"if","locations":[{"start":{"line":41,"column":2},"end":{"line":47,"column":3}},{"start":{},"end":{}}],"line":41},"1":{"loc":{"start":{"line":42,"column":4},"end":{"line":44,"column":35}},"type":"binary-expr","locations":[{"start":{"line":42,"column":4},"end":{"line":42,"column":19}},{"start":{"line":43,"column":4},"end":{"line":43,"column":47}},{"start":{"line":44,"column":4},"end":{"line":44,"column":35}}],"line":42},"2":{"loc":{"start":{"line":49,"column":2},"end":{"line":51,"column":3}},"type":"if","locations":[{"start":{"line":49,"column":2},"end":{"line":51,"column":3}},{"start":{},"end":{}}],"line":49},"3":{"loc":{"start":{"line":49,"column":6},"end":{"line":49,"column":70}},"type":"binary-expr","locations":[{"start":{"line":49,"column":6},"end":{"line":49,"column":22}},{"start":{"line":49,"column":26},"end":{"line":49,"column":70}}],"line":49},"4":{"loc":{"start":{"line":67,"column":25},"end":{"line":67,"column":68}},"type":"binary-expr","locations":[{"start":{"line":67,"column":25},"end":{"line":67,"column":60}},{"start":{"line":67,"column":64},"end":{"line":67,"column":68}}],"line":67},"5":{"loc":{"start":{"line":68,"column":4},"end":{"line":76,"column":5}},"type":"if","locations":[{"start":{"line":68,"column":4},"end":{"line":76,"column":5}},{"start":{"line":74,"column":11},"end":{"line":76,"column":5}}],"line":68},"6":{"loc":{"start":{"line":85,"column":6},"end":{"line":87,"column":7}},"type":"if","locations":[{"start":{"line":85,"column":6},"end":{"line":87,"column":7}},{"start":{},"end":{}}],"line":85},"7":{"loc":{"start":{"line":104,"column":2},"end":{"line":112,"column":3}},"type":"if","locations":[{"start":{"line":104,"column":2},"end":{"line":112,"column":3}},{"start":{},"end":{}}],"line":104},"8":{"loc":{"start":{"line":107,"column":12},"end":{"line":107,"column":29}},"type":"binary-expr","locations":[{"start":{"line":107,"column":12},"end":{"line":107,"column":24}},{"start":{"line":107,"column":28},"end":{"line":107,"column":29}}],"line":107},"9":{"loc":{"start":{"line":108,"column":12},"end":{"line":108,"column":39}},"type":"binary-expr","locations":[{"start":{"line":108,"column":12},"end":{"line":108,"column":24}},{"start":{"line":108,"column":28},"end":{"line":108,"column":39}}],"line":108},"10":{"loc":{"start":{"line":142,"column":16},"end":{"line":142,"column":33}},"type":"binary-expr","locations":[{"start":{"line":142,"column":16},"end":{"line":142,"column":28}},{"start":{"line":142,"column":32},"end":{"line":142,"column":33}}],"line":142},"11":{"loc":{"start":{"line":143,"column":16},"end":{"line":143,"column":48}},"type":"binary-expr","locations":[{"start":{"line":143,"column":16},"end":{"line":143,"column":28}},{"start":{"line":143,"column":32},"end":{"line":143,"column":48}}],"line":143},"12":{"loc":{"start":{"line":155,"column":24},"end":{"line":155,"column":67}},"type":"binary-expr","locations":[{"start":{"line":155,"column":24},"end":{"line":155,"column":59}},{"start":{"line":155,"column":63},"end":{"line":155,"column":67}}],"line":155},"13":{"loc":{"start":{"line":170,"column":16},"end":{"line":170,"column":33}},"type":"binary-expr","locations":[{"start":{"line":170,"column":16},"end":{"line":170,"column":28}},{"start":{"line":170,"column":32},"end":{"line":170,"column":33}}],"line":170},"14":{"loc":{"start":{"line":171,"column":16},"end":{"line":171,"column":48}},"type":"binary-expr","locations":[{"start":{"line":171,"column":16},"end":{"line":171,"column":28}},{"start":{"line":171,"column":32},"end":{"line":171,"column":48}}],"line":171},"15":{"loc":{"start":{"line":212,"column":4},"end":{"line":216,"column":5}},"type":"if","locations":[{"start":{"line":212,"column":4},"end":{"line":216,"column":5}},{"start":{},"end":{}}],"line":212},"16":{"loc":{"start":{"line":241,"column":16},"end":{"line":241,"column":33}},"type":"binary-expr","locations":[{"start":{"line":241,"column":16},"end":{"line":241,"column":28}},{"start":{"line":241,"column":32},"end":{"line":241,"column":33}}],"line":241},"17":{"loc":{"start":{"line":242,"column":16},"end":{"line":242,"column":48}},"type":"binary-expr","locations":[{"start":{"line":242,"column":16},"end":{"line":242,"column":28}},{"start":{"line":242,"column":32},"end":{"line":242,"column":48}}],"line":242},"18":{"loc":{"start":{"line":270,"column":16},"end":{"line":270,"column":33}},"type":"binary-expr","locations":[{"start":{"line":270,"column":16},"end":{"line":270,"column":28}},{"start":{"line":270,"column":32},"end":{"line":270,"column":33}}],"line":270},"19":{"loc":{"start":{"line":271,"column":16},"end":{"line":271,"column":48}},"type":"binary-expr","locations":[{"start":{"line":271,"column":16},"end":{"line":271,"column":28}},{"start":{"line":271,"column":32},"end":{"line":271,"column":48}}],"line":271},"20":{"loc":{"start":{"line":294,"column":6},"end":{"line":294,"column":63}},"type":"cond-expr","locations":[{"start":{"line":294,"column":33},"end":{"line":294,"column":56}},{"start":{"line":294,"column":59},"end":{"line":294,"column":63}}],"line":294},"21":{"loc":{"start":{"line":317,"column":17},"end":{"line":317,"column":70}},"type":"binary-expr","locations":[{"start":{"line":317,"column":17},"end":{"line":317,"column":40}},{"start":{"line":317,"column":44},"end":{"line":317,"column":64}},{"start":{"line":317,"column":68},"end":{"line":317,"column":70}}],"line":317},"22":{"loc":{"start":{"line":318,"column":14},"end":{"line":318,"column":67}},"type":"binary-expr","locations":[{"start":{"line":318,"column":14},"end":{"line":318,"column":34}},{"start":{"line":318,"column":38},"end":{"line":318,"column":61}},{"start":{"line":318,"column":65},"end":{"line":318,"column":67}}],"line":318},"23":{"loc":{"start":{"line":326,"column":4},"end":{"line":326,"column":12}},"type":"default-arg","locations":[{"start":{"line":326,"column":11},"end":{"line":326,"column":12}}],"line":326},"24":{"loc":{"start":{"line":327,"column":4},"end":{"line":327,"column":35}},"type":"default-arg","locations":[{"start":{"line":327,"column":19},"end":{"line":327,"column":35}}],"line":327},"25":{"loc":{"start":{"line":333,"column":4},"end":{"line":333,"column":12}},"type":"default-arg","locations":[{"start":{"line":333,"column":11},"end":{"line":333,"column":12}}],"line":333},"26":{"loc":{"start":{"line":334,"column":4},"end":{"line":334,"column":35}},"type":"default-arg","locations":[{"start":{"line":334,"column":19},"end":{"line":334,"column":35}}],"line":334}},"s":{"0":5,"1":5,"2":5,"3":1,"4":1,"5":5,"6":5,"7":1,"8":4,"9":1,"10":3,"11":3,"12":3,"13":3,"14":3,"15":3,"16":3,"17":0,"18":3,"19":3,"20":3,"21":3,"22":3,"23":0,"24":3,"25":5,"26":1,"27":4,"28":1,"29":5,"30":1,"31":1,"32":5,"33":5,"34":0,"35":0,"36":0,"37":0,"38":0,"39":0,"40":0,"41":0,"42":0,"43":1,"44":1,"45":0,"46":0,"47":0,"48":1,"49":1,"50":0,"51":0,"52":0,"53":0,"54":1,"55":1,"56":1,"57":0,"58":0,"59":0,"60":0,"61":0,"62":1,"63":1,"64":0,"65":0,"66":0,"67":0,"68":0,"69":0},"f":{"0":1,"1":5,"2":3,"3":3,"4":0,"5":5,"6":1,"7":1,"8":5,"9":0,"10":0,"11":0,"12":0,"13":1,"14":0,"15":0,"16":0,"17":1,"18":0,"19":0,"20":0,"21":1,"22":0,"23":0,"24":0,"25":0,"26":0,"27":0},"b":{"0":[1,4],"1":[5,1,1],"2":[1,3],"3":[4,1],"4":[3,0],"5":[3,0],"6":[3,0],"7":[1,4],"8":[1,0],"9":[1,0],"10":[1,0],"11":[1,0],"12":[5,0],"13":[0,0],"14":[0,0],"15":[0,1],"16":[0,0],"17":[0,0],"18":[1,1],"19":[1,1],"20":[0,0],"21":[1,1,0],"22":[1,0,0],"23":[0],"24":[0],"25":[0],"26":[0]},"_coverageSchema":"1a1c01bbd47fc00a2c39e90264f33305004495a9","hash":"fc9d00b981ec51b6de50cc519ee988988d1f139a"}
,"/Users/jimmy/Projects/Ghost/frontend/stores/notificationStore.ts": {"path":"/Users/jimmy/Projects/Ghost/frontend/stores/notificationStore.ts","statementMap":{"0":{"start":{"line":25,"column":40},"end":{"line":29,"column":1}},"1":{"start":{"line":31,"column":36},"end":{"line":92,"column":3}},"2":{"start":{"line":31,"column":74},"end":{"line":92,"column":1}},"3":{"start":{"line":35,"column":4},"end":{"line":35,"column":32}},"4":{"start":{"line":39,"column":4},"end":{"line":39,"column":61}},"5":{"start":{"line":39,"column":20},"end":{"line":39,"column":58}},"6":{"start":{"line":43,"column":4},"end":{"line":45,"column":8}},"7":{"start":{"line":43,"column":20},"end":{"line":45,"column":5}},"8":{"start":{"line":49,"column":4},"end":{"line":49,"column":45}},"9":{"start":{"line":53,"column":4},"end":{"line":56,"column":8}},"10":{"start":{"line":53,"column":20},"end":{"line":56,"column":5}},"11":{"start":{"line":60,"column":4},"end":{"line":63,"column":8}},"12":{"start":{"line":60,"column":20},"end":{"line":63,"column":5}},"13":{"start":{"line":67,"column":4},"end":{"line":75,"column":7}},"14":{"start":{"line":68,"column":27},"end":{"line":68,"column":71}},"15":{"start":{"line":68,"column":59},"end":{"line":68,"column":70}},"16":{"start":{"line":69,"column":24},"end":{"line":69,"column":60}},"17":{"start":{"line":71,"column":6},"end":{"line":74,"column":8}},"18":{"start":{"line":72,"column":55},"end":{"line":72,"column":95}},"19":{"start":{"line":79,"column":4},"end":{"line":82,"column":8}},"20":{"start":{"line":79,"column":20},"end":{"line":82,"column":5}},"21":{"start":{"line":80,"column":53},"end":{"line":80,"column":75}},"22":{"start":{"line":86,"column":4},"end":{"line":86,"column":23}},"23":{"start":{"line":90,"column":4},"end":{"line":90,"column":22}}},"fnMap":{"0":{"name":"(anonymous_0)","decl":{"start":{"line":31,"column":64},"end":{"line":31,"column":65}},"loc":{"start":{"line":31,"column":74},"end":{"line":92,"column":1}},"line":31},"1":{"name":"(anonymous_1)","decl":{"start":{"line":34,"column":18},"end":{"line":34,"column":19}},"loc":{"start":{"line":34,"column":37},"end":{"line":36,"column":3}},"line":34},"2":{"name":"(anonymous_2)","decl":{"start":{"line":38,"column":24},"end":{"line":38,"column":25}},"loc":{"start":{"line":38,"column":30},"end":{"line":40,"column":3}},"line":38},"3":{"name":"(anonymous_3)","decl":{"start":{"line":39,"column":8},"end":{"line":39,"column":9}},"loc":{"start":{"line":39,"column":20},"end":{"line":39,"column":58}},"line":39},"4":{"name":"(anonymous_4)","decl":{"start":{"line":42,"column":24},"end":{"line":42,"column":25}},"loc":{"start":{"line":42,"column":30},"end":{"line":46,"column":3}},"line":42},"5":{"name":"(anonymous_5)","decl":{"start":{"line":43,"column":8},"end":{"line":43,"column":9}},"loc":{"start":{"line":43,"column":20},"end":{"line":45,"column":5}},"line":43},"6":{"name":"(anonymous_6)","decl":{"start":{"line":48,"column":20},"end":{"line":48,"column":21}},"loc":{"start":{"line":48,"column":63},"end":{"line":50,"column":3}},"line":48},"7":{"name":"(anonymous_7)","decl":{"start":{"line":52,"column":19},"end":{"line":52,"column":20}},"loc":{"start":{"line":52,"column":59},"end":{"line":57,"column":3}},"line":52},"8":{"name":"(anonymous_8)","decl":{"start":{"line":53,"column":8},"end":{"line":53,"column":9}},"loc":{"start":{"line":53,"column":20},"end":{"line":56,"column":5}},"line":53},"9":{"name":"(anonymous_9)","decl":{"start":{"line":59,"column":23},"end":{"line":59,"column":24}},"loc":{"start":{"line":59,"column":66},"end":{"line":64,"column":3}},"line":59},"10":{"name":"(anonymous_10)","decl":{"start":{"line":60,"column":8},"end":{"line":60,"column":9}},"loc":{"start":{"line":60,"column":20},"end":{"line":63,"column":5}},"line":60},"11":{"name":"(anonymous_11)","decl":{"start":{"line":66,"column":14},"end":{"line":66,"column":15}},"loc":{"start":{"line":66,"column":30},"end":{"line":76,"column":3}},"line":66},"12":{"name":"(anonymous_12)","decl":{"start":{"line":67,"column":8},"end":{"line":67,"column":9}},"loc":{"start":{"line":67,"column":19},"end":{"line":75,"column":5}},"line":67},"13":{"name":"(anonymous_13)","decl":{"start":{"line":68,"column":52},"end":{"line":68,"column":53}},"loc":{"start":{"line":68,"column":59},"end":{"line":68,"column":70}},"line":68},"14":{"name":"(anonymous_14)","decl":{"start":{"line":72,"column":47},"end":{"line":72,"column":48}},"loc":{"start":{"line":72,"column":55},"end":{"line":72,"column":95}},"line":72},"15":{"name":"(anonymous_15)","decl":{"start":{"line":78,"column":17},"end":{"line":78,"column":18}},"loc":{"start":{"line":78,"column":23},"end":{"line":83,"column":3}},"line":78},"16":{"name":"(anonymous_16)","decl":{"start":{"line":79,"column":8},"end":{"line":79,"column":9}},"loc":{"start":{"line":79,"column":20},"end":{"line":82,"column":5}},"line":79},"17":{"name":"(anonymous_17)","decl":{"start":{"line":80,"column":45},"end":{"line":80,"column":46}},"loc":{"start":{"line":80,"column":53},"end":{"line":80,"column":75}},"line":80},"18":{"name":"(anonymous_18)","decl":{"start":{"line":85,"column":14},"end":{"line":85,"column":15}},"loc":{"start":{"line":85,"column":38},"end":{"line":87,"column":3}},"line":85},"19":{"name":"(anonymous_19)","decl":{"start":{"line":89,"column":9},"end":{"line":89,"column":10}},"loc":{"start":{"line":89,"column":15},"end":{"line":91,"column":3}},"line":89}},"branchMap":{"0":{"loc":{"start":{"line":55,"column":19},"end":{"line":55,"column":82}},"type":"cond-expr","locations":[{"start":{"line":55,"column":41},"end":{"line":55,"column":58}},{"start":{"line":55,"column":61},"end":{"line":55,"column":82}}],"line":55},"1":{"loc":{"start":{"line":69,"column":24},"end":{"line":69,"column":60}},"type":"binary-expr","locations":[{"start":{"line":69,"column":24},"end":{"line":69,"column":36}},{"start":{"line":69,"column":40},"end":{"line":69,"column":60}}],"line":69},"2":{"loc":{"start":{"line":72,"column":55},"end":{"line":72,"column":95}},"type":"cond-expr","locations":[{"start":{"line":72,"column":69},"end":{"line":72,"column":91}},{"start":{"line":72,"column":94},"end":{"line":72,"column":95}}],"line":72},"3":{"loc":{"start":{"line":73,"column":21},"end":{"line":73,"column":87}},"type":"cond-expr","locations":[{"start":{"line":73,"column":33},"end":{"line":73,"column":67}},{"start":{"line":73,"column":70},"end":{"line":73,"column":87}}],"line":73}},"s":{"0":1,"1":1,"2":1,"3":1,"4":0,"5":0,"6":0,"7":0,"8":1,"9":2,"10":2,"11":0,"12":0,"13":1,"14":1,"15":1,"16":1,"17":1,"18":2,"19":1,"20":1,"21":2,"22":0,"23":2},"f":{"0":1,"1":1,"2":0,"3":0,"4":0,"5":0,"6":1,"7":2,"8":2,"9":0,"10":0,"11":1,"12":1,"13":1,"14":2,"15":1,"16":1,"17":2,"18":0,"19":2},"b":{"0":[1,1],"1":[1,1],"2":[1,1],"3":[1,0]},"_coverageSchema":"1a1c01bbd47fc00a2c39e90264f33305004495a9","hash":"166f047e156f22d9d855bb84e3b44e49f86957ac"}
,"/Users/jimmy/Projects/Ghost/frontend/stores/whiteboardStore.ts": {"path":"/Users/jimmy/Projects/Ghost/frontend/stores/whiteboardStore.ts","statementMap":{"0":{"start":{"line":22,"column":38},"end":{"line":26,"column":1}},"1":{"start":{"line":28,"column":34},"end":{"line":67,"column":3}},"2":{"start":{"line":28,"column":70},"end":{"line":67,"column":1}},"3":{"start":{"line":32,"column":4},"end":{"line":32,"column":43}},"4":{"start":{"line":36,"column":4},"end":{"line":36,"column":43}},"5":{"start":{"line":40,"column":4},"end":{"line":42,"column":8}},"6":{"start":{"line":40,"column":20},"end":{"line":42,"column":5}},"7":{"start":{"line":46,"column":4},"end":{"line":49,"column":8}},"8":{"start":{"line":46,"column":20},"end":{"line":49,"column":5}},"9":{"start":{"line":47,"column":52},"end":{"line":47,"column":64}},"10":{"start":{"line":53,"column":4},"end":{"line":57,"column":8}},"11":{"start":{"line":53,"column":20},"end":{"line":57,"column":5}},"12":{"start":{"line":54,"column":50},"end":{"line":54,"column":91}},"13":{"start":{"line":61,"column":4},"end":{"line":61,"column":23}},"14":{"start":{"line":65,"column":4},"end":{"line":65,"column":22}}},"fnMap":{"0":{"name":"(anonymous_0)","decl":{"start":{"line":28,"column":60},"end":{"line":28,"column":61}},"loc":{"start":{"line":28,"column":70},"end":{"line":67,"column":1}},"line":28},"1":{"name":"(anonymous_1)","decl":{"start":{"line":31,"column":18},"end":{"line":31,"column":19}},"loc":{"start":{"line":31,"column":57},"end":{"line":33,"column":3}},"line":31},"2":{"name":"(anonymous_2)","decl":{"start":{"line":35,"column":24},"end":{"line":35,"column":25}},"loc":{"start":{"line":35,"column":67},"end":{"line":37,"column":3}},"line":35},"3":{"name":"(anonymous_3)","decl":{"start":{"line":39,"column":17},"end":{"line":39,"column":18}},"loc":{"start":{"line":39,"column":53},"end":{"line":43,"column":3}},"line":39},"4":{"name":"(anonymous_4)","decl":{"start":{"line":40,"column":8},"end":{"line":40,"column":9}},"loc":{"start":{"line":40,"column":20},"end":{"line":42,"column":5}},"line":40},"5":{"name":"(anonymous_5)","decl":{"start":{"line":45,"column":20},"end":{"line":45,"column":21}},"loc":{"start":{"line":45,"column":36},"end":{"line":50,"column":3}},"line":45},"6":{"name":"(anonymous_6)","decl":{"start":{"line":46,"column":8},"end":{"line":46,"column":9}},"loc":{"start":{"line":46,"column":20},"end":{"line":49,"column":5}},"line":46},"7":{"name":"(anonymous_7)","decl":{"start":{"line":47,"column":44},"end":{"line":47,"column":45}},"loc":{"start":{"line":47,"column":52},"end":{"line":47,"column":64}},"line":47},"8":{"name":"(anonymous_8)","decl":{"start":{"line":52,"column":20},"end":{"line":52,"column":21}},"loc":{"start":{"line":52,"column":56},"end":{"line":58,"column":3}},"line":52},"9":{"name":"(anonymous_9)","decl":{"start":{"line":53,"column":8},"end":{"line":53,"column":9}},"loc":{"start":{"line":53,"column":20},"end":{"line":57,"column":5}},"line":53},"10":{"name":"(anonymous_10)","decl":{"start":{"line":54,"column":41},"end":{"line":54,"column":42}},"loc":{"start":{"line":54,"column":50},"end":{"line":54,"column":91}},"line":54},"11":{"name":"(anonymous_11)","decl":{"start":{"line":60,"column":14},"end":{"line":60,"column":15}},"loc":{"start":{"line":60,"column":38},"end":{"line":62,"column":3}},"line":60},"12":{"name":"(anonymous_12)","decl":{"start":{"line":64,"column":9},"end":{"line":64,"column":10}},"loc":{"start":{"line":64,"column":15},"end":{"line":66,"column":3}},"line":64}},"branchMap":{"0":{"loc":{"start":{"line":48,"column":25},"end":{"line":48,"column":92}},"type":"cond-expr","locations":[{"start":{"line":48,"column":62},"end":{"line":48,"column":66}},{"start":{"line":48,"column":69},"end":{"line":48,"column":92}}],"line":48},"1":{"loc":{"start":{"line":54,"column":50},"end":{"line":54,"column":91}},"type":"cond-expr","locations":[{"start":{"line":54,"column":76},"end":{"line":54,"column":86}},{"start":{"line":54,"column":89},"end":{"line":54,"column":91}}],"line":54},"2":{"loc":{"start":{"line":56,"column":8},"end":{"line":56,"column":92}},"type":"cond-expr","locations":[{"start":{"line":56,"column":56},"end":{"line":56,"column":66}},{"start":{"line":56,"column":69},"end":{"line":56,"column":92}}],"line":56}},"s":{"0":1,"1":1,"2":1,"3":1,"4":1,"5":1,"6":1,"7":1,"8":1,"9":1,"10":1,"11":1,"12":1,"13":1,"14":2},"f":{"0":1,"1":1,"2":1,"3":1,"4":1,"5":1,"6":1,"7":1,"8":1,"9":1,"10":1,"11":1,"12":2},"b":{"0":[1,0],"1":[1,0],"2":[1,0]},"_coverageSchema":"1a1c01bbd47fc00a2c39e90264f33305004495a9","hash":"4c2f52491df7eeeece882de2090afea6cde0673a"}
,"/Users/jimmy/Projects/Ghost/frontend/utils/formatDate.ts": {"path":"/Users/jimmy/Projects/Ghost/frontend/utils/formatDate.ts","statementMap":{"0":{"start":{"line":13,"column":2},"end":{"line":15,"column":3}},"1":{"start":{"line":14,"column":4},"end":{"line":14,"column":22}},"2":{"start":{"line":17,"column":14},"end":{"line":17,"column":24}},"3":{"start":{"line":18,"column":17},"end":{"line":18,"column":31}},"4":{"start":{"line":19,"column":2},"end":{"line":21,"column":3}},"5":{"start":{"line":20,"column":4},"end":{"line":20,"column":22}},"6":{"start":{"line":22,"column":17},"end":{"line":22,"column":49}},"7":{"start":{"line":24,"column":2},"end":{"line":26,"column":3}},"8":{"start":{"line":25,"column":4},"end":{"line":25,"column":22}},"9":{"start":{"line":28,"column":22},"end":{"line":28,"column":47}},"10":{"start":{"line":29,"column":22},"end":{"line":29,"column":50}},"11":{"start":{"line":30,"column":20},"end":{"line":30,"column":48}},"12":{"start":{"line":31,"column":19},"end":{"line":31,"column":45}},"13":{"start":{"line":33,"column":2},"end":{"line":35,"column":3}},"14":{"start":{"line":34,"column":4},"end":{"line":34,"column":22}},"15":{"start":{"line":37,"column":2},"end":{"line":39,"column":3}},"16":{"start":{"line":38,"column":4},"end":{"line":38,"column":33}},"17":{"start":{"line":41,"column":2},"end":{"line":43,"column":3}},"18":{"start":{"line":42,"column":4},"end":{"line":42,"column":31}},"19":{"start":{"line":45,"column":2},"end":{"line":47,"column":3}},"20":{"start":{"line":46,"column":4},"end":{"line":46,"column":30}},"21":{"start":{"line":49,"column":17},"end":{"line":62,"column":3}},"22":{"start":{"line":64,"column":16},"end":{"line":64,"column":41}},"23":{"start":{"line":65,"column":14},"end":{"line":65,"column":30}},"24":{"start":{"line":67,"column":2},"end":{"line":69,"column":3}},"25":{"start":{"line":68,"column":4},"end":{"line":68,"column":29}},"26":{"start":{"line":71,"column":2},"end":{"line":71,"column":52}},"27":{"start":{"line":80,"column":2},"end":{"line":82,"column":3}},"28":{"start":{"line":81,"column":4},"end":{"line":81,"column":26}},"29":{"start":{"line":84,"column":17},"end":{"line":84,"column":31}},"30":{"start":{"line":85,"column":2},"end":{"line":87,"column":3}},"31":{"start":{"line":86,"column":4},"end":{"line":86,"column":26}},"32":{"start":{"line":89,"column":17},"end":{"line":102,"column":3}},"33":{"start":{"line":104,"column":16},"end":{"line":104,"column":41}},"34":{"start":{"line":105,"column":14},"end":{"line":105,"column":30}},"35":{"start":{"line":106,"column":15},"end":{"line":106,"column":35}},"36":{"start":{"line":108,"column":14},"end":{"line":108,"column":31}},"37":{"start":{"line":109,"column":18},"end":{"line":109,"column":37}},"38":{"start":{"line":110,"column":15},"end":{"line":110,"column":40}},"39":{"start":{"line":112,"column":2},"end":{"line":112,"column":21}},"40":{"start":{"line":113,"column":2},"end":{"line":115,"column":3}},"41":{"start":{"line":114,"column":4},"end":{"line":114,"column":15}},"42":{"start":{"line":117,"column":20},"end":{"line":117,"column":63}},"43":{"start":{"line":119,"column":2},"end":{"line":119,"column":69}}},"fnMap":{"0":{"name":"formatDate","decl":{"start":{"line":12,"column":16},"end":{"line":12,"column":26}},"loc":{"start":{"line":12,"column":57},"end":{"line":72,"column":1}},"line":12},"1":{"name":"formatFullDate","decl":{"start":{"line":79,"column":16},"end":{"line":79,"column":30}},"loc":{"start":{"line":79,"column":61},"end":{"line":120,"column":1}},"line":79}},"branchMap":{"0":{"loc":{"start":{"line":13,"column":2},"end":{"line":15,"column":3}},"type":"if","locations":[{"start":{"line":13,"column":2},"end":{"line":15,"column":3}},{"start":{},"end":{}}],"line":13},"1":{"loc":{"start":{"line":19,"column":2},"end":{"line":21,"column":3}},"type":"if","locations":[{"start":{"line":19,"column":2},"end":{"line":21,"column":3}},{"start":{},"end":{}}],"line":19},"2":{"loc":{"start":{"line":24,"column":2},"end":{"line":26,"column":3}},"type":"if","locations":[{"start":{"line":24,"column":2},"end":{"line":26,"column":3}},{"start":{},"end":{}}],"line":24},"3":{"loc":{"start":{"line":33,"column":2},"end":{"line":35,"column":3}},"type":"if","locations":[{"start":{"line":33,"column":2},"end":{"line":35,"column":3}},{"start":{},"end":{}}],"line":33},"4":{"loc":{"start":{"line":37,"column":2},"end":{"line":39,"column":3}},"type":"if","locations":[{"start":{"line":37,"column":2},"end":{"line":39,"column":3}},{"start":{},"end":{}}],"line":37},"5":{"loc":{"start":{"line":41,"column":2},"end":{"line":43,"column":3}},"type":"if","locations":[{"start":{"line":41,"column":2},"end":{"line":43,"column":3}},{"start":{},"end":{}}],"line":41},"6":{"loc":{"start":{"line":45,"column":2},"end":{"line":47,"column":3}},"type":"if","locations":[{"start":{"line":45,"column":2},"end":{"line":47,"column":3}},{"start":{},"end":{}}],"line":45},"7":{"loc":{"start":{"line":67,"column":2},"end":{"line":69,"column":3}},"type":"if","locations":[{"start":{"line":67,"column":2},"end":{"line":69,"column":3}},{"start":{},"end":{}}],"line":67},"8":{"loc":{"start":{"line":80,"column":2},"end":{"line":82,"column":3}},"type":"if","locations":[{"start":{"line":80,"column":2},"end":{"line":82,"column":3}},{"start":{},"end":{}}],"line":80},"9":{"loc":{"start":{"line":85,"column":2},"end":{"line":87,"column":3}},"type":"if","locations":[{"start":{"line":85,"column":2},"end":{"line":87,"column":3}},{"start":{},"end":{}}],"line":85},"10":{"loc":{"start":{"line":110,"column":15},"end":{"line":110,"column":40}},"type":"cond-expr","locations":[{"start":{"line":110,"column":29},"end":{"line":110,"column":33}},{"start":{"line":110,"column":36},"end":{"line":110,"column":40}}],"line":110},"11":{"loc":{"start":{"line":113,"column":2},"end":{"line":115,"column":3}},"type":"if","locations":[{"start":{"line":113,"column":2},"end":{"line":115,"column":3}},{"start":{},"end":{}}],"line":113},"12":{"loc":{"start":{"line":117,"column":20},"end":{"line":117,"column":63}},"type":"cond-expr","locations":[{"start":{"line":117,"column":35},"end":{"line":117,"column":48}},{"start":{"line":117,"column":51},"end":{"line":117,"column":63}}],"line":117}},"s":{"0":4,"1":2,"2":2,"3":2,"4":2,"5":1,"6":1,"7":1,"8":0,"9":1,"10":1,"11":1,"12":1,"13":1,"14":0,"15":1,"16":0,"17":1,"18":0,"19":1,"20":0,"21":1,"22":1,"23":1,"24":1,"25":0,"26":1,"27":3,"28":1,"29":2,"30":2,"31":1,"32":1,"33":1,"34":1,"35":1,"36":1,"37":1,"38":1,"39":1,"40":1,"41":0,"42":1,"43":1},"f":{"0":4,"1":3},"b":{"0":[2,2],"1":[1,1],"2":[0,1],"3":[0,1],"4":[0,1],"5":[0,1],"6":[0,1],"7":[0,1],"8":[1,2],"9":[1,1],"10":[0,1],"11":[0,1],"12":[0,1]},"_coverageSchema":"1a1c01bbd47fc00a2c39e90264f33305004495a9","hash":"fae124191a81680967bc506a3798d7cf9bc37f8f"}
,"/Users/jimmy/Projects/Ghost/frontend/utils/inviteCode.ts": {"path":"/Users/jimmy/Projects/Ghost/frontend/utils/inviteCode.ts","statementMap":{"0":{"start":{"line":1,"column":26},"end":{"line":1,"column":47}},"1":{"start":{"line":11,"column":2},"end":{"line":13,"column":3}},"2":{"start":{"line":12,"column":4},"end":{"line":12,"column":16}},"3":{"start":{"line":15,"column":18},"end":{"line":15,"column":33}},"4":{"start":{"line":16,"column":2},"end":{"line":18,"column":3}},"5":{"start":{"line":17,"column":4},"end":{"line":17,"column":16}},"6":{"start":{"line":20,"column":2},"end":{"line":22,"column":3}},"7":{"start":{"line":21,"column":4},"end":{"line":21,"column":33}},"8":{"start":{"line":24,"column":16},"end":{"line":24,"column":56}},"9":{"start":{"line":25,"column":2},"end":{"line":30,"column":3}},"10":{"start":{"line":26,"column":17},"end":{"line":26,"column":32}},"11":{"start":{"line":27,"column":4},"end":{"line":29,"column":5}},"12":{"start":{"line":28,"column":6},"end":{"line":28,"column":32}},"13":{"start":{"line":32,"column":24},"end":{"line":32,"column":74}},"14":{"start":{"line":33,"column":2},"end":{"line":38,"column":3}},"15":{"start":{"line":34,"column":17},"end":{"line":34,"column":40}},"16":{"start":{"line":35,"column":4},"end":{"line":37,"column":5}},"17":{"start":{"line":36,"column":6},"end":{"line":36,"column":32}},"18":{"start":{"line":40,"column":2},"end":{"line":40,"column":14}}},"fnMap":{"0":{"name":"parseInviteCode","decl":{"start":{"line":10,"column":16},"end":{"line":10,"column":31}},"loc":{"start":{"line":10,"column":65},"end":{"line":41,"column":1}},"line":10}},"branchMap":{"0":{"loc":{"start":{"line":11,"column":2},"end":{"line":13,"column":3}},"type":"if","locations":[{"start":{"line":11,"column":2},"end":{"line":13,"column":3}},{"start":{},"end":{}}],"line":11},"1":{"loc":{"start":{"line":16,"column":2},"end":{"line":18,"column":3}},"type":"if","locations":[{"start":{"line":16,"column":2},"end":{"line":18,"column":3}},{"start":{},"end":{}}],"line":16},"2":{"loc":{"start":{"line":20,"column":2},"end":{"line":22,"column":3}},"type":"if","locations":[{"start":{"line":20,"column":2},"end":{"line":22,"column":3}},{"start":{},"end":{}}],"line":20},"3":{"loc":{"start":{"line":25,"column":2},"end":{"line":30,"column":3}},"type":"if","locations":[{"start":{"line":25,"column":2},"end":{"line":30,"column":3}},{"start":{},"end":{}}],"line":25},"4":{"loc":{"start":{"line":25,"column":6},"end":{"line":25,"column":23}},"type":"binary-expr","locations":[{"start":{"line":25,"column":6},"end":{"line":25,"column":11}},{"start":{"line":25,"column":15},"end":{"line":25,"column":23}}],"line":25},"5":{"loc":{"start":{"line":27,"column":4},"end":{"line":29,"column":5}},"type":"if","locations":[{"start":{"line":27,"column":4},"end":{"line":29,"column":5}},{"start":{},"end":{}}],"line":27},"6":{"loc":{"start":{"line":33,"column":2},"end":{"line":38,"column":3}},"type":"if","locations":[{"start":{"line":33,"column":2},"end":{"line":38,"column":3}},{"start":{},"end":{}}],"line":33},"7":{"loc":{"start":{"line":33,"column":6},"end":{"line":33,"column":39}},"type":"binary-expr","locations":[{"start":{"line":33,"column":6},"end":{"line":33,"column":19}},{"start":{"line":33,"column":23},"end":{"line":33,"column":39}}],"line":33},"8":{"loc":{"start":{"line":35,"column":4},"end":{"line":37,"column":5}},"type":"if","locations":[{"start":{"line":35,"column":4},"end":{"line":37,"column":5}},{"start":{},"end":{}}],"line":35}},"s":{"0":1,"1":5,"2":1,"3":4,"4":4,"5":0,"6":4,"7":1,"8":3,"9":3,"10":2,"11":2,"12":2,"13":1,"14":1,"15":0,"16":0,"17":0,"18":1},"f":{"0":5},"b":{"0":[1,4],"1":[0,4],"2":[1,3],"3":[2,1],"4":[3,2],"5":[2,0],"6":[0,1],"7":[1,0],"8":[0,0]},"_coverageSchema":"1a1c01bbd47fc00a2c39e90264f33305004495a9","hash":"eabdb7c805746b218d164cc5c51d4e4bd043c555"}
,"/Users/jimmy/Projects/Ghost/frontend/utils/notificationPayloads.ts": {"path":"/Users/jimmy/Projects/Ghost/frontend/utils/notificationPayloads.ts","statementMap":{"0":{"start":{"line":20,"column":2},"end":{"line":22,"column":3}},"1":{"start":{"line":21,"column":4},"end":{"line":21,"column":16}},"2":{"start":{"line":24,"column":2},"end":{"line":33,"column":4}},"3":{"start":{"line":37,"column":25},"end":{"line":37,"column":44}},"4":{"start":{"line":38,"column":2},"end":{"line":38,"column":68}},"5":{"start":{"line":44,"column":2},"end":{"line":46,"column":3}},"6":{"start":{"line":45,"column":4},"end":{"line":45,"column":16}},"7":{"start":{"line":48,"column":24},"end":{"line":48,"column":64}},"8":{"start":{"line":49,"column":22},"end":{"line":49,"column":60}},"9":{"start":{"line":50,"column":23},"end":{"line":50,"column":62}},"10":{"start":{"line":52,"column":2},"end":{"line":54,"column":3}},"11":{"start":{"line":53,"column":4},"end":{"line":53,"column":16}},"12":{"start":{"line":56,"column":2},"end":{"line":88,"column":3}},"13":{"start":{"line":58,"column":6},"end":{"line":64,"column":8}},"14":{"start":{"line":67,"column":6},"end":{"line":72,"column":8}},"15":{"start":{"line":75,"column":6},"end":{"line":83,"column":7}},"16":{"start":{"line":76,"column":8},"end":{"line":82,"column":10}},"17":{"start":{"line":84,"column":6},"end":{"line":84,"column":37}},"18":{"start":{"line":87,"column":6},"end":{"line":87,"column":37}},"19":{"start":{"line":92,"column":2},"end":{"line":107,"column":3}},"20":{"start":{"line":93,"column":19},"end":{"line":93,"column":62}},"21":{"start":{"line":95,"column":4},"end":{"line":104,"column":6}},"22":{"start":{"line":106,"column":4},"end":{"line":106,"column":16}}},"fnMap":{"0":{"name":"toForegroundNotification","decl":{"start":{"line":17,"column":16},"end":{"line":17,"column":40}},"loc":{"start":{"line":19,"column":31},"end":{"line":34,"column":1}},"line":19},"1":{"name":"getNotificationReadId","decl":{"start":{"line":36,"column":16},"end":{"line":36,"column":37}},"loc":{"start":{"line":36,"column":84},"end":{"line":39,"column":1}},"line":36},"2":{"name":"resolveNotificationRoute","decl":{"start":{"line":41,"column":16},"end":{"line":41,"column":40}},"loc":{"start":{"line":43,"column":28},"end":{"line":89,"column":1}},"line":43},"3":{"name":"parseRealtimeNotificationMessage","decl":{"start":{"line":91,"column":16},"end":{"line":91,"column":48}},"loc":{"start":{"line":91,"column":92},"end":{"line":108,"column":1}},"line":91}},"branchMap":{"0":{"loc":{"start":{"line":20,"column":2},"end":{"line":22,"column":3}},"type":"if","locations":[{"start":{"line":20,"column":2},"end":{"line":22,"column":3}},{"start":{},"end":{}}],"line":20},"1":{"loc":{"start":{"line":25,"column":8},"end":{"line":25,"column":69}},"type":"binary-expr","locations":[{"start":{"line":25,"column":9},"end":{"line":25,"column":46}},{"start":{"line":25,"column":51},"end":{"line":25,"column":69}}],"line":25},"2":{"loc":{"start":{"line":26,"column":10},"end":{"line":26,"column":80}},"type":"binary-expr","locations":[{"start":{"line":26,"column":11},"end":{"line":26,"column":60}},{"start":{"line":26,"column":65},"end":{"line":26,"column":80}}],"line":26},"3":{"loc":{"start":{"line":27,"column":11},"end":{"line":27,"column":30}},"type":"binary-expr","locations":[{"start":{"line":27,"column":11},"end":{"line":27,"column":24}},{"start":{"line":27,"column":28},"end":{"line":27,"column":30}}],"line":27},"4":{"loc":{"start":{"line":28,"column":10},"end":{"line":28,"column":30}},"type":"binary-expr","locations":[{"start":{"line":28,"column":10},"end":{"line":28,"column":22}},{"start":{"line":28,"column":26},"end":{"line":28,"column":30}}],"line":28},"5":{"loc":{"start":{"line":29,"column":19},"end":{"line":29,"column":65}},"type":"binary-expr","locations":[{"start":{"line":29,"column":20},"end":{"line":29,"column":56}},{"start":{"line":29,"column":61},"end":{"line":29,"column":65}}],"line":29},"6":{"loc":{"start":{"line":30,"column":17},"end":{"line":30,"column":61}},"type":"binary-expr","locations":[{"start":{"line":30,"column":18},"end":{"line":30,"column":52}},{"start":{"line":30,"column":57},"end":{"line":30,"column":61}}],"line":30},"7":{"loc":{"start":{"line":38,"column":9},"end":{"line":38,"column":67}},"type":"cond-expr","locations":[{"start":{"line":38,"column":46},"end":{"line":38,"column":60}},{"start":{"line":38,"column":63},"end":{"line":38,"column":67}}],"line":38},"8":{"loc":{"start":{"line":44,"column":2},"end":{"line":46,"column":3}},"type":"if","locations":[{"start":{"line":44,"column":2},"end":{"line":46,"column":3}},{"start":{},"end":{}}],"line":44},"9":{"loc":{"start":{"line":52,"column":2},"end":{"line":54,"column":3}},"type":"if","locations":[{"start":{"line":52,"column":2},"end":{"line":54,"column":3}},{"start":{},"end":{}}],"line":52},"10":{"loc":{"start":{"line":52,"column":6},"end":{"line":52,"column":36}},"type":"binary-expr","locations":[{"start":{"line":52,"column":6},"end":{"line":52,"column":20}},{"start":{"line":52,"column":24},"end":{"line":52,"column":36}}],"line":52},"11":{"loc":{"start":{"line":56,"column":2},"end":{"line":88,"column":3}},"type":"switch","locations":[{"start":{"line":57,"column":4},"end":{"line":64,"column":8}},{"start":{"line":66,"column":4},"end":{"line":72,"column":8}},{"start":{"line":74,"column":4},"end":{"line":84,"column":37}},{"start":{"line":86,"column":4},"end":{"line":87,"column":37}}],"line":56},"12":{"loc":{"start":{"line":75,"column":6},"end":{"line":83,"column":7}},"type":"if","locations":[{"start":{"line":75,"column":6},"end":{"line":83,"column":7}},{"start":{},"end":{}}],"line":75},"13":{"loc":{"start":{"line":96,"column":17},"end":{"line":96,"column":32}},"type":"binary-expr","locations":[{"start":{"line":96,"column":17},"end":{"line":96,"column":26}},{"start":{"line":96,"column":30},"end":{"line":96,"column":32}}],"line":96},"14":{"loc":{"start":{"line":97,"column":12},"end":{"line":97,"column":76}},"type":"binary-expr","locations":[{"start":{"line":97,"column":13},"end":{"line":97,"column":56}},{"start":{"line":97,"column":61},"end":{"line":97,"column":76}}],"line":97},"15":{"loc":{"start":{"line":98,"column":20},"end":{"line":98,"column":38}},"type":"binary-expr","locations":[{"start":{"line":98,"column":20},"end":{"line":98,"column":32}},{"start":{"line":98,"column":36},"end":{"line":98,"column":38}}],"line":98},"16":{"loc":{"start":{"line":99,"column":12},"end":{"line":99,"column":52}},"type":"cond-expr","locations":[{"start":{"line":99,"column":26},"end":{"line":99,"column":45}},{"start":{"line":99,"column":48},"end":{"line":99,"column":52}}],"line":99},"17":{"loc":{"start":{"line":100,"column":21},"end":{"line":100,"column":79}},"type":"cond-expr","locations":[{"start":{"line":100,"column":44},"end":{"line":100,"column":72}},{"start":{"line":100,"column":75},"end":{"line":100,"column":79}}],"line":100},"18":{"loc":{"start":{"line":101,"column":19},"end":{"line":101,"column":73}},"type":"cond-expr","locations":[{"start":{"line":101,"column":40},"end":{"line":101,"column":66}},{"start":{"line":101,"column":69},"end":{"line":101,"column":73}}],"line":101},"19":{"loc":{"start":{"line":103,"column":17},"end":{"line":103,"column":87}},"type":"cond-expr","locations":[{"start":{"line":103,"column":36},"end":{"line":103,"column":60}},{"start":{"line":103,"column":63},"end":{"line":103,"column":87}}],"line":103}},"s":{"0":1,"1":0,"2":1,"3":1,"4":1,"5":3,"6":0,"7":3,"8":3,"9":3,"10":3,"11":0,"12":3,"13":1,"14":0,"15":1,"16":1,"17":0,"18":1,"19":1,"20":1,"21":1,"22":0},"f":{"0":1,"1":1,"2":3,"3":1},"b":{"0":[0,1],"1":[1,0],"2":[1,0],"3":[1,0],"4":[1,0],"5":[1,0],"6":[1,0],"7":[1,0],"8":[0,3],"9":[0,3],"10":[3,3],"11":[1,0,1,1],"12":[1,0],"13":[1,0],"14":[1,0],"15":[1,0],"16":[1,0],"17":[1,0],"18":[1,0],"19":[1,0]},"_coverageSchema":"1a1c01bbd47fc00a2c39e90264f33305004495a9","hash":"9b3c3ef4f573f6a71ebea7a6ae8b7c20f34eabe7"}
,"/Users/jimmy/Projects/Ghost/frontend/utils/questionCommentEvents.ts": {"path":"/Users/jimmy/Projects/Ghost/frontend/utils/questionCommentEvents.ts","statementMap":{"0":{"start":{"line":10,"column":2},"end":{"line":12,"column":4}},"1":{"start":{"line":11,"column":21},"end":{"line":11,"column":93}},"2":{"start":{"line":16,"column":2},"end":{"line":47,"column":3}},"3":{"start":{"line":17,"column":28},"end":{"line":17,"column":44}},"4":{"start":{"line":18,"column":4},"end":{"line":20,"column":5}},"5":{"start":{"line":19,"column":6},"end":{"line":19,"column":16}},"6":{"start":{"line":22,"column":21},"end":{"line":22,"column":82}},"7":{"start":{"line":23,"column":17},"end":{"line":23,"column":78}},"8":{"start":{"line":24,"column":20},"end":{"line":24,"column":46}},"9":{"start":{"line":26,"column":4},"end":{"line":41,"column":5}},"10":{"start":{"line":27,"column":28},"end":{"line":27,"column":62}},"11":{"start":{"line":28,"column":24},"end":{"line":28,"column":91}},"12":{"start":{"line":30,"column":8},"end":{"line":32,"column":51}},"13":{"start":{"line":34,"column":6},"end":{"line":36,"column":7}},"14":{"start":{"line":35,"column":8},"end":{"line":35,"column":78}},"15":{"start":{"line":38,"column":6},"end":{"line":40,"column":7}},"16":{"start":{"line":39,"column":8},"end":{"line":39,"column":46}},"17":{"start":{"line":43,"column":19},"end":{"line":43,"column":76}},"18":{"start":{"line":44,"column":4},"end":{"line":44,"column":39}},"19":{"start":{"line":46,"column":4},"end":{"line":46,"column":14}},"20":{"start":{"line":54,"column":39},"end":{"line":54,"column":71}},"21":{"start":{"line":55,"column":25},"end":{"line":55,"column":50}},"22":{"start":{"line":56,"column":24},"end":{"line":56,"column":94}},"23":{"start":{"line":58,"column":2},"end":{"line":60,"column":3}},"24":{"start":{"line":59,"column":4},"end":{"line":59,"column":68}},"25":{"start":{"line":59,"column":41},"end":{"line":59,"column":66}},"26":{"start":{"line":62,"column":2},"end":{"line":64,"column":3}},"27":{"start":{"line":63,"column":4},"end":{"line":63,"column":20}},"28":{"start":{"line":66,"column":24},"end":{"line":66,"column":84}},"29":{"start":{"line":66,"column":57},"end":{"line":66,"column":83}},"30":{"start":{"line":67,"column":2},"end":{"line":71,"column":3}},"31":{"start":{"line":68,"column":17},"end":{"line":68,"column":30}},"32":{"start":{"line":69,"column":4},"end":{"line":69,"column":34}},"33":{"start":{"line":70,"column":4},"end":{"line":70,"column":41}},"34":{"start":{"line":73,"column":2},"end":{"line":73,"column":57}}},"fnMap":{"0":{"name":"sortCommentsByCreatedAt","decl":{"start":{"line":9,"column":16},"end":{"line":9,"column":39}},"loc":{"start":{"line":9,"column":88},"end":{"line":13,"column":1}},"line":9},"1":{"name":"(anonymous_1)","decl":{"start":{"line":11,"column":4},"end":{"line":11,"column":5}},"loc":{"start":{"line":11,"column":21},"end":{"line":11,"column":93}},"line":11},"2":{"name":"parseCommentMessage","decl":{"start":{"line":15,"column":16},"end":{"line":15,"column":35}},"loc":{"start":{"line":15,"column":72},"end":{"line":48,"column":1}},"line":15},"3":{"name":"reconcileCommentEvent","decl":{"start":{"line":50,"column":16},"end":{"line":50,"column":37}},"loc":{"start":{"line":53,"column":21},"end":{"line":74,"column":1}},"line":53},"4":{"name":"(anonymous_4)","decl":{"start":{"line":59,"column":27},"end":{"line":59,"column":28}},"loc":{"start":{"line":59,"column":41},"end":{"line":59,"column":66}},"line":59},"5":{"name":"(anonymous_5)","decl":{"start":{"line":66,"column":43},"end":{"line":66,"column":44}},"loc":{"start":{"line":66,"column":57},"end":{"line":66,"column":83}},"line":66}},"branchMap":{"0":{"loc":{"start":{"line":18,"column":4},"end":{"line":20,"column":5}},"type":"if","locations":[{"start":{"line":18,"column":4},"end":{"line":20,"column":5}},{"start":{},"end":{}}],"line":18},"1":{"loc":{"start":{"line":18,"column":8},"end":{"line":18,"column":45}},"type":"binary-expr","locations":[{"start":{"line":18,"column":8},"end":{"line":18,"column":15}},{"start":{"line":18,"column":19},"end":{"line":18,"column":45}}],"line":18},"2":{"loc":{"start":{"line":23,"column":17},"end":{"line":23,"column":78}},"type":"cond-expr","locations":[{"start":{"line":23,"column":53},"end":{"line":23,"column":66}},{"start":{"line":23,"column":69},"end":{"line":23,"column":78}}],"line":23},"3":{"loc":{"start":{"line":24,"column":20},"end":{"line":24,"column":46}},"type":"binary-expr","locations":[{"start":{"line":24,"column":20},"end":{"line":24,"column":36}},{"start":{"line":24,"column":40},"end":{"line":24,"column":46}}],"line":24},"4":{"loc":{"start":{"line":26,"column":4},"end":{"line":41,"column":5}},"type":"if","locations":[{"start":{"line":26,"column":4},"end":{"line":41,"column":5}},{"start":{},"end":{}}],"line":26},"5":{"loc":{"start":{"line":26,"column":8},"end":{"line":26,"column":46}},"type":"binary-expr","locations":[{"start":{"line":26,"column":8},"end":{"line":26,"column":15}},{"start":{"line":26,"column":19},"end":{"line":26,"column":46}}],"line":26},"6":{"loc":{"start":{"line":28,"column":24},"end":{"line":28,"column":91}},"type":"cond-expr","locations":[{"start":{"line":28,"column":63},"end":{"line":28,"column":79}},{"start":{"line":28,"column":82},"end":{"line":28,"column":91}}],"line":28},"7":{"loc":{"start":{"line":30,"column":8},"end":{"line":32,"column":51}},"type":"binary-expr","locations":[{"start":{"line":30,"column":8},"end":{"line":30,"column":52}},{"start":{"line":31,"column":8},"end":{"line":31,"column":46}},{"start":{"line":32,"column":8},"end":{"line":32,"column":51}}],"line":30},"8":{"loc":{"start":{"line":34,"column":6},"end":{"line":36,"column":7}},"type":"if","locations":[{"start":{"line":34,"column":6},"end":{"line":36,"column":7}},{"start":{},"end":{}}],"line":34},"9":{"loc":{"start":{"line":34,"column":10},"end":{"line":34,"column":38}},"type":"binary-expr","locations":[{"start":{"line":34,"column":10},"end":{"line":34,"column":25}},{"start":{"line":34,"column":29},"end":{"line":34,"column":38}}],"line":34},"10":{"loc":{"start":{"line":38,"column":6},"end":{"line":40,"column":7}},"type":"if","locations":[{"start":{"line":38,"column":6},"end":{"line":40,"column":7}},{"start":{},"end":{}}],"line":38},"11":{"loc":{"start":{"line":43,"column":19},"end":{"line":43,"column":76}},"type":"cond-expr","locations":[{"start":{"line":43,"column":53},"end":{"line":43,"column":64}},{"start":{"line":43,"column":67},"end":{"line":43,"column":76}}],"line":43},"12":{"loc":{"start":{"line":55,"column":25},"end":{"line":55,"column":50}},"type":"binary-expr","locations":[{"start":{"line":55,"column":25},"end":{"line":55,"column":44}},{"start":{"line":55,"column":48},"end":{"line":55,"column":50}}],"line":55},"13":{"loc":{"start":{"line":56,"column":24},"end":{"line":56,"column":94}},"type":"binary-expr","locations":[{"start":{"line":56,"column":24},"end":{"line":56,"column":57}},{"start":{"line":56,"column":61},"end":{"line":56,"column":94}}],"line":56},"14":{"loc":{"start":{"line":58,"column":2},"end":{"line":60,"column":3}},"type":"if","locations":[{"start":{"line":58,"column":2},"end":{"line":60,"column":3}},{"start":{},"end":{}}],"line":58},"15":{"loc":{"start":{"line":58,"column":6},"end":{"line":58,"column":32}},"type":"binary-expr","locations":[{"start":{"line":58,"column":6},"end":{"line":58,"column":19}},{"start":{"line":58,"column":23},"end":{"line":58,"column":32}}],"line":58},"16":{"loc":{"start":{"line":62,"column":2},"end":{"line":64,"column":3}},"type":"if","locations":[{"start":{"line":62,"column":2},"end":{"line":64,"column":3}},{"start":{},"end":{}}],"line":62},"17":{"loc":{"start":{"line":67,"column":2},"end":{"line":71,"column":3}},"type":"if","locations":[{"start":{"line":67,"column":2},"end":{"line":71,"column":3}},{"start":{},"end":{}}],"line":67}},"s":{"0":2,"1":5,"2":3,"3":3,"4":3,"5":0,"6":3,"7":3,"8":3,"9":3,"10":3,"11":3,"12":3,"13":3,"14":2,"15":1,"16":1,"17":0,"18":0,"19":0,"20":2,"21":2,"22":2,"23":2,"24":1,"25":2,"26":1,"27":0,"28":1,"29":2,"30":1,"31":0,"32":0,"33":0,"34":1},"f":{"0":2,"1":5,"2":3,"3":2,"4":2,"5":2},"b":{"0":[0,3],"1":[3,3],"2":[3,0],"3":[3,0],"4":[3,0],"5":[3,3],"6":[3,0],"7":[3,2,2],"8":[2,1],"9":[3,2],"10":[1,0],"11":[0,0],"12":[2,0],"13":[2,1],"14":[1,1],"15":[2,1],"16":[0,1],"17":[0,1]},"_coverageSchema":"1a1c01bbd47fc00a2c39e90264f33305004495a9","hash":"1484c94ffc3542da8f4cbd4b6c798ea912e11d20"}
,"/Users/jimmy/Projects/Ghost/frontend/utils/sanitize.ts": {"path":"/Users/jimmy/Projects/Ghost/frontend/utils/sanitize.ts","statementMap":{"0":{"start":{"line":1,"column":28},"end":{"line":1,"column":77}},"1":{"start":{"line":4,"column":2},"end":{"line":4,"column":55}},"2":{"start":{"line":8,"column":2},"end":{"line":8,"column":50}}},"fnMap":{"0":{"name":"sanitizeText","decl":{"start":{"line":3,"column":16},"end":{"line":3,"column":28}},"loc":{"start":{"line":3,"column":52},"end":{"line":5,"column":1}},"line":3},"1":{"name":"sanitizeSingleLine","decl":{"start":{"line":7,"column":16},"end":{"line":7,"column":34}},"loc":{"start":{"line":7,"column":58},"end":{"line":9,"column":1}},"line":7}},"branchMap":{},"s":{"0":1,"1":2,"2":1},"f":{"0":2,"1":1},"b":{},"_coverageSchema":"1a1c01bbd47fc00a2c39e90264f33305004495a9","hash":"a9769c8f67c10a7bc04680c51eeb682c353d8f8a"}
}
