TN:
SF:components/QuestionCard.tsx
FN:21,formatTimestamp
FN:40,parseAuthorName
FN:47,(anonymous_2)
FNF:3
FNH:3
FNDA:1,formatTimestamp
FNDA:1,parseAuthorName
FNDA:1,(anonymous_2)
DA:22,1
DA:23,1
DA:24,1
DA:25,1
DA:26,1
DA:27,1
DA:29,1
DA:30,0
DA:31,0
DA:32,0
DA:34,0
DA:41,1
DA:42,1
DA:43,1
DA:44,1
DA:47,1
DA:55,1
DA:57,1
DA:144,1
LF:19
LH:15
BRDA:29,0,0,1
BRDA:29,0,1,0
BRDA:30,1,0,0
BRDA:30,1,1,0
BRDA:31,2,0,0
BRDA:31,2,1,0
BRDA:32,3,0,0
BRDA:32,3,1,0
BRDA:42,4,0,1
BRDA:42,4,1,0
BRDA:43,5,0,1
BRDA:43,5,1,0
BRDA:60,6,0,1
BRDA:60,6,1,0
BRDA:69,7,0,1
BRDA:69,7,1,1
BRDA:72,8,0,1
BRDA:72,8,1,0
BRDA:82,9,0,0
BRDA:82,9,1,1
BRDA:113,10,0,1
BRDA:113,10,1,1
BRDA:118,11,0,0
BRDA:118,11,1,1
BRDA:120,12,0,0
BRDA:120,12,1,1
BRDA:125,13,0,1
BRDA:125,13,1,1
BRF:28
BRH:14
end_of_record
TN:
SF:components/ui/GlassButton.tsx
FN:26,(anonymous_0)
FN:64,getVariantStyles
FNF:2
FNH:2
FNDA:2,(anonymous_0)
FNDA:2,getVariantStyles
DA:26,1
DA:35,2
DA:36,2
DA:37,2
DA:39,2
DA:65,2
DA:67,2
DA:73,0
DA:79,0
DA:85,0
DA:93,1
LF:11
LH:8
BRDA:29,0,0,2
BRDA:30,1,0,1
BRDA:31,2,0,2
BRDA:41,3,0,2
BRDA:41,3,1,1
BRDA:43,4,0,2
BRDA:43,4,1,1
BRDA:46,5,0,2
BRDA:46,5,1,2
BRDA:48,6,0,0
BRDA:48,6,1,2
BRDA:50,7,0,0
BRDA:50,7,1,2
BRDA:54,8,0,2
BRDA:54,8,1,0
BRDA:65,9,0,2
BRDA:65,9,1,0
BRDA:65,9,2,0
BRDA:65,9,3,0
BRF:19
BRH:13
end_of_record
TN:
SF:components/ui/GlassCard.tsx
FN:21,(anonymous_0)
FNF:1
FNH:1
FNDA:3,(anonymous_0)
DA:21,2
DA:28,3
DA:29,3
DA:32,3
DA:43,3
DA:44,2
DA:56,1
DA:59,2
LF:8
LH:8
BRDA:24,0,0,3
BRDA:35,1,0,0
BRDA:35,1,1,3
BRDA:43,2,0,2
BRDA:43,2,1,1
BRF:5
BRH:4
end_of_record
TN:
SF:components/ui/GlassInput.tsx
FN:33,(anonymous_0)
FN:99,(anonymous_1)
FN:100,(anonymous_2)
FNF:3
FNH:1
FNDA:2,(anonymous_0)
FNDA:0,(anonymous_1)
FNDA:0,(anonymous_2)
DA:33,1
DA:51,2
DA:52,2
DA:54,2
DA:56,2
DA:99,0
DA:100,0
DA:109,1
LF:8
LH:6
BRDA:38,0,0,2
BRDA:39,1,0,2
BRDA:43,2,0,2
BRDA:48,3,0,2
BRDA:54,4,0,0
BRDA:54,4,1,2
BRDA:58,5,0,2
BRDA:58,5,1,1
BRDA:67,6,0,0
BRDA:67,6,1,2
BRDA:73,7,0,1
BRDA:73,7,1,1
BRDA:74,8,0,2
BRDA:74,8,1,0
BRDA:77,9,0,2
BRDA:77,9,1,0
BRDA:82,10,0,2
BRDA:82,10,1,0
BRDA:83,11,0,0
BRDA:83,11,1,2
BRDA:91,12,0,0
BRDA:91,12,1,2
BRDA:92,13,0,0
BRDA:92,13,1,2
BRDA:104,14,0,2
BRDA:104,14,1,1
BRF:26
BRH:18
end_of_record
TN:
SF:components/ui/GlassModal.tsx
FN:27,(anonymous_0)
FNF:1
FNH:1
FNDA:2,(anonymous_0)
DA:25,1
DA:27,1
DA:28,2
DA:29,2
DA:31,2
DA:94,1
LF:6
LH:6
BRDA:40,0,0,2
BRDA:40,0,1,0
BRDA:55,1,0,0
BRDA:55,1,1,2
BRF:4
BRH:2
end_of_record
TN:
SF:services/auditLogService.ts
FN:5,(anonymous_0)
FN:32,(anonymous_1)
FNF:2
FNH:2
FNDA:1,(anonymous_0)
FNDA:1,(anonymous_1)
DA:4,1
DA:16,1
DA:29,1
DA:33,1
DA:36,1
LF:5
LH:5
BRDA:24,0,0,1
BRDA:24,0,1,1
BRDA:25,1,0,1
BRDA:25,1,1,1
BRF:4
BRH:4
end_of_record
TN:
SF:services/commentService.ts
FN:21,(anonymous_0)
FN:39,(anonymous_1)
FN:48,(anonymous_2)
FN:61,(anonymous_3)
FN:70,(anonymous_4)
FN:79,(anonymous_5)
FN:87,(anonymous_6)
FN:94,(anonymous_7)
FN:98,(anonymous_8)
FN:102,(anonymous_9)
FN:106,(anonymous_10)
FN:110,(anonymous_11)
FN:114,(anonymous_12)
FN:118,(anonymous_13)
FNF:14
FNH:8
FNDA:2,(anonymous_0)
FNDA:0,(anonymous_1)
FNDA:0,(anonymous_2)
FNDA:0,(anonymous_3)
FNDA:1,(anonymous_4)
FNDA:1,(anonymous_5)
FNDA:1,(anonymous_6)
FNDA:1,(anonymous_7)
FNDA:0,(anonymous_8)
FNDA:0,(anonymous_9)
FNDA:0,(anonymous_10)
FNDA:1,(anonymous_11)
FNDA:1,(anonymous_12)
FNDA:1,(anonymous_13)
DA:16,1
DA:22,2
DA:31,2
DA:40,0
DA:41,0
DA:53,0
DA:54,0
DA:62,0
DA:71,1
DA:72,1
DA:80,1
DA:88,1
DA:95,1
DA:99,0
DA:103,0
DA:107,0
DA:111,1
DA:115,1
DA:119,1
LF:19
LH:11
BRDA:26,0,0,2
BRDA:26,0,1,1
BRDA:27,1,0,2
BRDA:27,1,1,1
BRDA:31,2,0,1
BRDA:31,2,1,1
BRF:6
BRH:6
end_of_record
TN:
SF:services/notificationService.ts
FN:27,resetUnreadCountCache
FN:32,fetchUnreadCount
FN:47,(anonymous_2)
FN:68,(anonymous_3)
FN:73,(anonymous_4)
FN:87,(anonymous_5)
FN:103,(anonymous_6)
FN:112,(anonymous_7)
FN:121,(anonymous_8)
FN:129,(anonymous_9)
FNF:10
FNH:8
FNDA:2,resetUnreadCountCache
FNDA:6,fetchUnreadCount
FNDA:4,(anonymous_2)
FNDA:4,(anonymous_3)
FNDA:0,(anonymous_4)
FNDA:1,(anonymous_5)
FNDA:6,(anonymous_6)
FNDA:1,(anonymous_7)
FNDA:1,(anonymous_8)
FNDA:0,(anonymous_9)
DA:11,4
DA:24,4
DA:25,4
DA:28,2
DA:29,2
DA:33,6
DA:35,6
DA:40,1
DA:43,5
DA:44,1
DA:47,4
DA:48,4
DA:49,4
DA:51,4
DA:52,4
DA:53,4
DA:59,0
DA:62,4
DA:65,4
DA:67,4
DA:69,4
DA:70,4
DA:73,0
DA:75,4
DA:82,4
DA:90,1
DA:96,1
DA:104,6
DA:105,6
DA:113,1
DA:114,1
DA:122,1
DA:123,1
DA:133,0
LF:34
LH:31
BRDA:35,0,0,1
BRDA:35,0,1,5
BRDA:36,1,0,6
BRDA:36,1,1,1
BRDA:36,1,2,1
BRDA:43,2,0,1
BRDA:43,2,1,4
BRDA:43,3,0,5
BRDA:43,3,1,1
BRDA:51,4,0,4
BRDA:51,4,1,0
BRDA:52,5,0,4
BRDA:52,5,1,0
BRDA:69,6,0,4
BRDA:69,6,1,0
BRDA:92,7,0,1
BRDA:92,7,1,1
BRDA:93,8,0,1
BRDA:93,8,1,1
BRDA:104,9,0,6
BRDA:104,9,1,0
BRDA:130,10,0,0
BRDA:131,11,0,0
BRF:23
BRH:17
end_of_record
TN:
SF:services/whiteboardService.ts
FN:33,resetMembershipCache
FN:38,checkMembership
FN:53,(anonymous_2)
FN:84,(anonymous_3)
FN:89,(anonymous_4)
FN:100,toPageResponse
FN:116,toMemberResponse
FN:137,(anonymous_7)
FN:154,(anonymous_8)
FN:163,(anonymous_9)
FN:182,(anonymous_10)
FN:191,(anonymous_11)
FN:201,(anonymous_12)
FN:210,(anonymous_13)
FN:225,(anonymous_14)
FN:233,(anonymous_15)
FN:253,(anonymous_16)
FN:265,(anonymous_17)
FN:283,(anonymous_18)
FN:292,(anonymous_19)
FN:302,(anonymous_20)
FN:311,(anonymous_21)
FN:325,(anonymous_22)
FN:332,(anonymous_23)
FN:339,(anonymous_24)
FN:343,(anonymous_25)
FN:347,(anonymous_26)
FN:351,(anonymous_27)
FNF:28
FNH:11
FNDA:1,resetMembershipCache
FNDA:5,checkMembership
FNDA:3,(anonymous_2)
FNDA:3,(anonymous_3)
FNDA:0,(anonymous_4)
FNDA:5,toPageResponse
FNDA:1,toMemberResponse
FNDA:1,(anonymous_7)
FNDA:5,(anonymous_8)
FNDA:0,(anonymous_9)
FNDA:0,(anonymous_10)
FNDA:0,(anonymous_11)
FNDA:0,(anonymous_12)
FNDA:1,(anonymous_13)
FNDA:0,(anonymous_14)
FNDA:0,(anonymous_15)
FNDA:0,(anonymous_16)
FNDA:1,(anonymous_17)
FNDA:0,(anonymous_18)
FNDA:0,(anonymous_19)
FNDA:0,(anonymous_20)
FNDA:1,(anonymous_21)
FNDA:0,(anonymous_22)
FNDA:0,(anonymous_23)
FNDA:0,(anonymous_24)
FNDA:0,(anonymous_25)
FNDA:0,(anonymous_26)
FNDA:0,(anonymous_27)
DA:17,5
DA:30,5
DA:31,5
DA:34,1
DA:35,1
DA:39,5
DA:41,5
DA:46,1
DA:49,4
DA:50,1
DA:53,3
DA:54,3
DA:64,3
DA:65,3
DA:67,3
DA:68,3
DA:69,3
DA:75,0
DA:78,3
DA:81,3
DA:83,3
DA:85,3
DA:86,3
DA:89,0
DA:91,3
DA:104,5
DA:105,1
DA:113,4
DA:117,1
DA:132,5
DA:138,1
DA:147,1
DA:155,5
DA:156,5
DA:166,0
DA:175,0
DA:183,0
DA:184,0
DA:192,0
DA:193,0
DA:194,0
DA:202,0
DA:203,0
DA:211,1
DA:212,1
DA:213,0
DA:214,0
DA:215,0
DA:217,1
DA:218,1
DA:226,0
DA:237,0
DA:246,0
DA:258,0
DA:266,1
DA:275,1
DA:276,1
DA:284,0
DA:294,0
DA:295,0
DA:303,0
DA:304,0
DA:314,1
DA:315,1
DA:329,0
DA:336,0
DA:340,0
DA:344,0
DA:348,0
DA:356,0
LF:70
LH:41
BRDA:41,0,0,1
BRDA:41,0,1,4
BRDA:42,1,0,5
BRDA:42,1,1,1
BRDA:42,1,2,1
BRDA:49,2,0,1
BRDA:49,2,1,3
BRDA:49,3,0,4
BRDA:49,3,1,1
BRDA:67,4,0,3
BRDA:67,4,1,0
BRDA:68,5,0,3
BRDA:68,5,1,0
BRDA:85,6,0,3
BRDA:85,6,1,0
BRDA:104,7,0,1
BRDA:104,7,1,4
BRDA:107,8,0,1
BRDA:107,8,1,0
BRDA:108,9,0,1
BRDA:108,9,1,0
BRDA:142,10,0,1
BRDA:142,10,1,0
BRDA:143,11,0,1
BRDA:143,11,1,0
BRDA:155,12,0,5
BRDA:155,12,1,0
BRDA:170,13,0,0
BRDA:170,13,1,0
BRDA:171,14,0,0
BRDA:171,14,1,0
BRDA:212,15,0,0
BRDA:212,15,1,1
BRDA:241,16,0,0
BRDA:241,16,1,0
BRDA:242,17,0,0
BRDA:242,17,1,0
BRDA:270,18,0,1
BRDA:270,18,1,1
BRDA:271,19,0,1
BRDA:271,19,1,1
BRDA:294,20,0,0
BRDA:294,20,1,0
BRDA:317,21,0,1
BRDA:317,21,1,1
BRDA:317,21,2,0
BRDA:318,22,0,1
BRDA:318,22,1,0
BRDA:318,22,2,0
BRDA:326,23,0,0
BRDA:327,24,0,0
BRDA:333,25,0,0
BRDA:334,26,0,0
BRF:53
BRH:27
end_of_record
TN:
SF:stores/notificationStore.ts
FN:31,(anonymous_0)
FN:34,(anonymous_1)
FN:38,(anonymous_2)
FN:39,(anonymous_3)
FN:42,(anonymous_4)
FN:43,(anonymous_5)
FN:48,(anonymous_6)
FN:52,(anonymous_7)
FN:53,(anonymous_8)
FN:59,(anonymous_9)
FN:60,(anonymous_10)
FN:66,(anonymous_11)
FN:67,(anonymous_12)
FN:68,(anonymous_13)
FN:72,(anonymous_14)
FN:78,(anonymous_15)
FN:79,(anonymous_16)
FN:80,(anonymous_17)
FN:85,(anonymous_18)
FN:89,(anonymous_19)
FNF:20
FNH:13
FNDA:1,(anonymous_0)
FNDA:1,(anonymous_1)
FNDA:0,(anonymous_2)
FNDA:0,(anonymous_3)
FNDA:0,(anonymous_4)
FNDA:0,(anonymous_5)
FNDA:1,(anonymous_6)
FNDA:2,(anonymous_7)
FNDA:2,(anonymous_8)
FNDA:0,(anonymous_9)
FNDA:0,(anonymous_10)
FNDA:1,(anonymous_11)
FNDA:1,(anonymous_12)
FNDA:1,(anonymous_13)
FNDA:2,(anonymous_14)
FNDA:1,(anonymous_15)
FNDA:1,(anonymous_16)
FNDA:2,(anonymous_17)
FNDA:0,(anonymous_18)
FNDA:2,(anonymous_19)
DA:25,1
DA:31,1
DA:35,1
DA:39,0
DA:43,0
DA:49,1
DA:53,2
DA:60,0
DA:67,1
DA:68,1
DA:69,1
DA:71,1
DA:72,2
DA:79,1
DA:80,2
DA:86,0
DA:90,2
LF:17
LH:13
BRDA:55,0,0,1
BRDA:55,0,1,1
BRDA:69,1,0,1
BRDA:69,1,1,1
BRDA:72,2,0,1
BRDA:72,2,1,1
BRDA:73,3,0,1
BRDA:73,3,1,0
BRF:8
BRH:7
end_of_record
TN:
SF:stores/whiteboardStore.ts
FN:28,(anonymous_0)
FN:31,(anonymous_1)
FN:35,(anonymous_2)
FN:39,(anonymous_3)
FN:40,(anonymous_4)
FN:45,(anonymous_5)
FN:46,(anonymous_6)
FN:47,(anonymous_7)
FN:52,(anonymous_8)
FN:53,(anonymous_9)
FN:54,(anonymous_10)
FN:60,(anonymous_11)
FN:64,(anonymous_12)
FNF:13
FNH:13
FNDA:1,(anonymous_0)
FNDA:1,(anonymous_1)
FNDA:1,(anonymous_2)
FNDA:1,(anonymous_3)
FNDA:1,(anonymous_4)
FNDA:1,(anonymous_5)
FNDA:1,(anonymous_6)
FNDA:1,(anonymous_7)
FNDA:1,(anonymous_8)
FNDA:1,(anonymous_9)
FNDA:1,(anonymous_10)
FNDA:1,(anonymous_11)
FNDA:2,(anonymous_12)
DA:22,1
DA:28,1
DA:32,1
DA:36,1
DA:40,1
DA:46,1
DA:47,1
DA:53,1
DA:54,1
DA:61,1
DA:65,2
LF:11
LH:11
BRDA:48,0,0,1
BRDA:48,0,1,0
BRDA:54,1,0,1
BRDA:54,1,1,0
BRDA:56,2,0,1
BRDA:56,2,1,0
BRF:6
BRH:3
end_of_record
TN:
SF:utils/formatDate.ts
FN:12,formatDate
FN:79,formatFullDate
FNF:2
FNH:2
FNDA:4,formatDate
FNDA:3,formatFullDate
DA:13,4
DA:14,2
DA:17,2
DA:18,2
DA:19,2
DA:20,1
DA:22,1
DA:24,1
DA:25,0
DA:28,1
DA:29,1
DA:30,1
DA:31,1
DA:33,1
DA:34,0
DA:37,1
DA:38,0
DA:41,1
DA:42,0
DA:45,1
DA:46,0
DA:49,1
DA:64,1
DA:65,1
DA:67,1
DA:68,0
DA:71,1
DA:80,3
DA:81,1
DA:84,2
DA:85,2
DA:86,1
DA:89,1
DA:104,1
DA:105,1
DA:106,1
DA:108,1
DA:109,1
DA:110,1
DA:112,1
DA:113,1
DA:114,0
DA:117,1
DA:119,1
LF:44
LH:37
BRDA:13,0,0,2
BRDA:13,0,1,2
BRDA:19,1,0,1
BRDA:19,1,1,1
BRDA:24,2,0,0
BRDA:24,2,1,1
BRDA:33,3,0,0
BRDA:33,3,1,1
BRDA:37,4,0,0
BRDA:37,4,1,1
BRDA:41,5,0,0
BRDA:41,5,1,1
BRDA:45,6,0,0
BRDA:45,6,1,1
BRDA:67,7,0,0
BRDA:67,7,1,1
BRDA:80,8,0,1
BRDA:80,8,1,2
BRDA:85,9,0,1
BRDA:85,9,1,1
BRDA:110,10,0,0
BRDA:110,10,1,1
BRDA:113,11,0,0
BRDA:113,11,1,1
BRDA:117,12,0,0
BRDA:117,12,1,1
BRF:26
BRH:17
end_of_record
TN:
SF:utils/inviteCode.ts
FN:10,parseInviteCode
FNF:1
FNH:1
FNDA:5,parseInviteCode
DA:1,1
DA:11,5
DA:12,1
DA:15,4
DA:16,4
DA:17,0
DA:20,4
DA:21,1
DA:24,3
DA:25,3
DA:26,2
DA:27,2
DA:28,2
DA:32,1
DA:33,1
DA:34,0
DA:35,0
DA:36,0
DA:40,1
LF:19
LH:15
BRDA:11,0,0,1
BRDA:11,0,1,4
BRDA:16,1,0,0
BRDA:16,1,1,4
BRDA:20,2,0,1
BRDA:20,2,1,3
BRDA:25,3,0,2
BRDA:25,3,1,1
BRDA:25,4,0,3
BRDA:25,4,1,2
BRDA:27,5,0,2
BRDA:27,5,1,0
BRDA:33,6,0,0
BRDA:33,6,1,1
BRDA:33,7,0,1
BRDA:33,7,1,0
BRDA:35,8,0,0
BRDA:35,8,1,0
BRF:18
BRH:12
end_of_record
TN:
SF:utils/notificationPayloads.ts
FN:17,toForegroundNotification
FN:36,getNotificationReadId
FN:41,resolveNotificationRoute
FN:91,parseRealtimeNotificationMessage
FNF:4
FNH:4
FNDA:1,toForegroundNotification
FNDA:1,getNotificationReadId
FNDA:3,resolveNotificationRoute
FNDA:1,parseRealtimeNotificationMessage
DA:20,1
DA:21,0
DA:24,1
DA:37,1
DA:38,1
DA:44,3
DA:45,0
DA:48,3
DA:49,3
DA:50,3
DA:52,3
DA:53,0
DA:56,3
DA:58,1
DA:67,0
DA:75,1
DA:76,1
DA:84,0
DA:87,1
DA:92,1
DA:93,1
DA:95,1
DA:106,0
LF:23
LH:17
BRDA:20,0,0,0
BRDA:20,0,1,1
BRDA:25,1,0,1
BRDA:25,1,1,0
BRDA:26,2,0,1
BRDA:26,2,1,0
BRDA:27,3,0,1
BRDA:27,3,1,0
BRDA:28,4,0,1
BRDA:28,4,1,0
BRDA:29,5,0,1
BRDA:29,5,1,0
BRDA:30,6,0,1
BRDA:30,6,1,0
BRDA:38,7,0,1
BRDA:38,7,1,0
BRDA:44,8,0,0
BRDA:44,8,1,3
BRDA:52,9,0,0
BRDA:52,9,1,3
BRDA:52,10,0,3
BRDA:52,10,1,3
BRDA:56,11,0,1
BRDA:56,11,1,0
BRDA:56,11,2,1
BRDA:56,11,3,1
BRDA:75,12,0,1
BRDA:75,12,1,0
BRDA:96,13,0,1
BRDA:96,13,1,0
BRDA:97,14,0,1
BRDA:97,14,1,0
BRDA:98,15,0,1
BRDA:98,15,1,0
BRDA:99,16,0,1
BRDA:99,16,1,0
BRDA:100,17,0,1
BRDA:100,17,1,0
BRDA:101,18,0,1
BRDA:101,18,1,0
BRDA:103,19,0,1
BRDA:103,19,1,0
BRF:42
BRH:23
end_of_record
TN:
SF:utils/questionCommentEvents.ts
FN:9,sortCommentsByCreatedAt
FN:11,(anonymous_1)
FN:15,parseCommentMessage
FN:50,reconcileCommentEvent
FN:59,(anonymous_4)
FN:66,(anonymous_5)
FNF:6
FNH:6
FNDA:2,sortCommentsByCreatedAt
FNDA:5,(anonymous_1)
FNDA:3,parseCommentMessage
FNDA:2,reconcileCommentEvent
FNDA:2,(anonymous_4)
FNDA:2,(anonymous_5)
DA:10,2
DA:11,5
DA:16,3
DA:17,3
DA:18,3
DA:19,0
DA:22,3
DA:23,3
DA:24,3
DA:26,3
DA:27,3
DA:28,3
DA:30,3
DA:34,3
DA:35,2
DA:38,1
DA:39,1
DA:43,0
DA:44,0
DA:46,0
DA:54,2
DA:55,2
DA:56,2
DA:58,2
DA:59,2
DA:62,1
DA:63,0
DA:66,2
DA:67,1
DA:68,0
DA:69,0
DA:70,0
DA:73,1
LF:33
LH:25
BRDA:18,0,0,0
BRDA:18,0,1,3
BRDA:18,1,0,3
BRDA:18,1,1,3
BRDA:23,2,0,3
BRDA:23,2,1,0
BRDA:24,3,0,3
BRDA:24,3,1,0
BRDA:26,4,0,3
BRDA:26,4,1,0
BRDA:26,5,0,3
BRDA:26,5,1,3
BRDA:28,6,0,3
BRDA:28,6,1,0
BRDA:30,7,0,3
BRDA:30,7,1,2
BRDA:30,7,2,2
BRDA:34,8,0,2
BRDA:34,8,1,1
BRDA:34,9,0,3
BRDA:34,9,1,2
BRDA:38,10,0,1
BRDA:38,10,1,0
BRDA:43,11,0,0
BRDA:43,11,1,0
BRDA:55,12,0,2
BRDA:55,12,1,0
BRDA:56,13,0,2
BRDA:56,13,1,1
BRDA:58,14,0,1
BRDA:58,14,1,1
BRDA:58,15,0,2
BRDA:58,15,1,1
BRDA:62,16,0,0
BRDA:62,16,1,1
BRDA:67,17,0,0
BRDA:67,17,1,1
BRF:37
BRH:26
end_of_record
TN:
SF:utils/sanitize.ts
FN:3,sanitizeText
FN:7,sanitizeSingleLine
FNF:2
FNH:2
FNDA:2,sanitizeText
FNDA:1,sanitizeSingleLine
DA:1,1
DA:4,2
DA:8,1
LF:3
LH:3
BRF:0
BRH:0
end_of_record
