TN:
SF:stores/notificationStore.ts
FN:31,(anonymous_0)
FN:34,(anonymous_1)
FN:38,(anonymous_2)
FN:39,(anonymous_3)
FN:42,(anonymous_4)
FN:43,(anonymous_5)
FN:48,(anonymous_6)
FN:52,(anonymous_7)
FN:53,(anonymous_8)
FN:59,(anonymous_9)
FN:60,(anonymous_10)
FN:66,(anonymous_11)
FN:67,(anonymous_12)
FN:68,(anonymous_13)
FN:72,(anonymous_14)
FN:78,(anonymous_15)
FN:79,(anonymous_16)
FN:80,(anonymous_17)
FN:85,(anonymous_18)
FN:89,(anonymous_19)
FNF:20
FNH:13
FNDA:1,(anonymous_0)
FNDA:1,(anonymous_1)
FNDA:0,(anonymous_2)
FNDA:0,(anonymous_3)
FNDA:0,(anonymous_4)
FNDA:0,(anonymous_5)
FNDA:1,(anonymous_6)
FNDA:2,(anonymous_7)
FNDA:2,(anonymous_8)
FNDA:0,(anonymous_9)
FNDA:0,(anonymous_10)
FNDA:1,(anonymous_11)
FNDA:1,(anonymous_12)
FNDA:1,(anonymous_13)
FNDA:2,(anonymous_14)
FNDA:1,(anonymous_15)
FNDA:1,(anonymous_16)
FNDA:2,(anonymous_17)
FNDA:0,(anonymous_18)
FNDA:2,(anonymous_19)
DA:25,1
DA:31,1
DA:35,1
DA:39,0
DA:43,0
DA:49,1
DA:53,2
DA:60,0
DA:67,1
DA:68,1
DA:69,1
DA:71,1
DA:72,2
DA:79,1
DA:80,2
DA:86,0
DA:90,2
LF:17
LH:13
BRDA:55,0,0,1
BRDA:55,0,1,1
BRDA:69,1,0,1
BRDA:69,1,1,1
BRDA:72,2,0,1
BRDA:72,2,1,1
BRDA:73,3,0,1
BRDA:73,3,1,0
BRF:8
BRH:7
end_of_record
TN:
SF:stores/whiteboardStore.ts
FN:28,(anonymous_0)
FN:31,(anonymous_1)
FN:35,(anonymous_2)
FN:39,(anonymous_3)
FN:40,(anonymous_4)
FN:45,(anonymous_5)
FN:46,(anonymous_6)
FN:47,(anonymous_7)
FN:52,(anonymous_8)
FN:53,(anonymous_9)
FN:54,(anonymous_10)
FN:60,(anonymous_11)
FN:64,(anonymous_12)
FNF:13
FNH:13
FNDA:1,(anonymous_0)
FNDA:1,(anonymous_1)
FNDA:1,(anonymous_2)
FNDA:1,(anonymous_3)
FNDA:1,(anonymous_4)
FNDA:1,(anonymous_5)
FNDA:1,(anonymous_6)
FNDA:1,(anonymous_7)
FNDA:1,(anonymous_8)
FNDA:1,(anonymous_9)
FNDA:1,(anonymous_10)
FNDA:1,(anonymous_11)
FNDA:2,(anonymous_12)
DA:22,1
DA:28,1
DA:32,1
DA:36,1
DA:40,1
DA:46,1
DA:47,1
DA:53,1
DA:54,1
DA:61,1
DA:65,2
LF:11
LH:11
BRDA:48,0,0,1
BRDA:48,0,1,0
BRDA:54,1,0,1
BRDA:54,1,1,0
BRDA:56,2,0,1
BRDA:56,2,1,0
BRF:6
BRH:3
end_of_record
TN:
SF:utils/formatDate.ts
FN:12,formatDate
FN:79,formatFullDate
FNF:2
FNH:2
FNDA:4,formatDate
FNDA:3,formatFullDate
DA:13,4
DA:14,2
DA:17,2
DA:18,2
DA:19,2
DA:20,1
DA:22,1
DA:24,1
DA:25,0
DA:28,1
DA:29,1
DA:30,1
DA:31,1
DA:33,1
DA:34,0
DA:37,1
DA:38,0
DA:41,1
DA:42,0
DA:45,1
DA:46,0
DA:49,1
DA:64,1
DA:65,1
DA:67,1
DA:68,0
DA:71,1
DA:80,3
DA:81,1
DA:84,2
DA:85,2
DA:86,1
DA:89,1
DA:104,1
DA:105,1
DA:106,1
DA:108,1
DA:109,1
DA:110,1
DA:112,1
DA:113,1
DA:114,0
DA:117,1
DA:119,1
LF:44
LH:37
BRDA:13,0,0,2
BRDA:13,0,1,2
BRDA:19,1,0,1
BRDA:19,1,1,1
BRDA:24,2,0,0
BRDA:24,2,1,1
BRDA:33,3,0,0
BRDA:33,3,1,1
BRDA:37,4,0,0
BRDA:37,4,1,1
BRDA:41,5,0,0
BRDA:41,5,1,1
BRDA:45,6,0,0
BRDA:45,6,1,1
BRDA:67,7,0,0
BRDA:67,7,1,1
BRDA:80,8,0,1
BRDA:80,8,1,2
BRDA:85,9,0,1
BRDA:85,9,1,1
BRDA:110,10,0,0
BRDA:110,10,1,1
BRDA:113,11,0,0
BRDA:113,11,1,1
BRDA:117,12,0,0
BRDA:117,12,1,1
BRF:26
BRH:17
end_of_record
TN:
SF:utils/inviteCode.ts
FN:10,parseInviteCode
FNF:1
FNH:1
FNDA:5,parseInviteCode
DA:1,1
DA:11,5
DA:12,1
DA:15,4
DA:16,4
DA:17,0
DA:20,4
DA:21,1
DA:24,3
DA:25,3
DA:26,2
DA:27,2
DA:28,2
DA:32,1
DA:33,1
DA:34,0
DA:35,0
DA:36,0
DA:40,1
LF:19
LH:15
BRDA:11,0,0,1
BRDA:11,0,1,4
BRDA:16,1,0,0
BRDA:16,1,1,4
BRDA:20,2,0,1
BRDA:20,2,1,3
BRDA:25,3,0,2
BRDA:25,3,1,1
BRDA:25,4,0,3
BRDA:25,4,1,2
BRDA:27,5,0,2
BRDA:27,5,1,0
BRDA:33,6,0,0
BRDA:33,6,1,1
BRDA:33,7,0,1
BRDA:33,7,1,0
BRDA:35,8,0,0
BRDA:35,8,1,0
BRF:18
BRH:12
end_of_record
TN:
SF:utils/sanitize.ts
FN:3,sanitizeText
FN:7,sanitizeSingleLine
FNF:2
FNH:2
FNDA:2,sanitizeText
FNDA:1,sanitizeSingleLine
DA:1,1
DA:4,2
DA:8,1
LF:3
LH:3
BRF:0
BRH:0
end_of_record
